{"/Users/arindamkulshi/patient_portal/backend/src/app.ts": {"path":"/Users/arindamkulshi/patient_portal/backend/src/app.ts","statementMap":{"0":{"start":{"line":2,"column":0},"end":{"line":2,"column":67}},"1":{"start":{"line":3,"column":0},"end":{"line":3,"column":24}},"2":{"start":{"line":4,"column":0},"end":{"line":4,"column":28}},"3":{"start":{"line":5,"column":0},"end":{"line":5,"column":28}},"4":{"start":{"line":6,"column":0},"end":{"line":6,"column":50}},"5":{"start":{"line":7,"column":0},"end":{"line":7,"column":30}},"6":{"start":{"line":8,"column":0},"end":{"line":8,"column":64}},"7":{"start":{"line":9,"column":0},"end":{"line":9,"column":71}},"8":{"start":{"line":10,"column":0},"end":{"line":10,"column":81}},"9":{"start":{"line":11,"column":0},"end":{"line":11,"column":68}},"10":{"start":{"line":12,"column":0},"end":{"line":12,"column":58}},"11":{"start":{"line":15,"column":12},"end":{"line":15,"column":21}},"12":{"start":{"line":18,"column":0},"end":{"line":18,"column":18}},"13":{"start":{"line":19,"column":0},"end":{"line":19,"column":33}},"14":{"start":{"line":22,"column":0},"end":{"line":22,"column":24}},"15":{"start":{"line":23,"column":0},"end":{"line":23,"column":48}},"16":{"start":{"line":26,"column":0},"end":{"line":28,"column":1}},"17":{"start":{"line":27,"column":2},"end":{"line":27,"column":25}},"18":{"start":{"line":29,"column":0},"end":{"line":29,"column":33}},"19":{"start":{"line":32,"column":0},"end":{"line":38,"column":3}},"20":{"start":{"line":33,"column":2},"end":{"line":37,"column":5}},"21":{"start":{"line":41,"column":20},"end":{"line":41,"column":25}},"22":{"start":{"line":46,"column":29},"end":{"line":66,"column":1}},"23":{"start":{"line":47,"column":2},"end":{"line":49,"column":3}},"24":{"start":{"line":48,"column":4},"end":{"line":48,"column":11}},"25":{"start":{"line":51,"column":2},"end":{"line":65,"column":3}},"26":{"start":{"line":52,"column":4},"end":{"line":52,"column":61}},"27":{"start":{"line":55,"column":4},"end":{"line":55,"column":40}},"28":{"start":{"line":58,"column":4},"end":{"line":58,"column":37}},"29":{"start":{"line":60,"column":4},"end":{"line":60,"column":25}},"30":{"start":{"line":61,"column":4},"end":{"line":61,"column":56}},"31":{"start":{"line":63,"column":4},"end":{"line":63,"column":62}},"32":{"start":{"line":64,"column":4},"end":{"line":64,"column":16}},"33":{"start":{"line":46,"column":13},"end":{"line":46,"column":29}},"34":{"start":{"line":69,"column":0},"end":{"line":69,"column":24}},"35":{"start":{"line":72,"column":0},"end":{"line":72,"column":28}},"36":{"start":{"line":73,"column":0},"end":{"line":73,"column":25}},"37":{"start":{"line":75,"column":0},"end":{"line":75,"column":19}}},"fnMap":{"0":{"name":"(anonymous_1)","decl":{"start":{"line":32,"column":19},"end":{"line":32,"column":20}},"loc":{"start":{"line":32,"column":51},"end":{"line":38,"column":1}}},"1":{"name":"(anonymous_2)","decl":{"start":{"line":46,"column":29},"end":{"line":46,"column":34}},"loc":{"start":{"line":46,"column":40},"end":{"line":66,"column":1}}}},"branchMap":{"0":{"loc":{"start":{"line":26,"column":0},"end":{"line":28,"column":1}},"type":"if","locations":[{"start":{"line":26,"column":0},"end":{"line":28,"column":1}}]},"1":{"loc":{"start":{"line":47,"column":2},"end":{"line":49,"column":3}},"type":"if","locations":[{"start":{"line":47,"column":2},"end":{"line":49,"column":3}}]}},"s":{"0":0,"1":0,"2":0,"3":0,"4":0,"5":0,"6":0,"7":0,"8":0,"9":0,"10":0,"11":0,"12":0,"13":0,"14":0,"15":0,"16":0,"17":0,"18":0,"19":0,"20":0,"21":0,"22":0,"23":0,"24":0,"25":0,"26":0,"27":0,"28":0,"29":0,"30":0,"31":0,"32":0,"33":0,"34":0,"35":0,"36":0,"37":0},"f":{"0":0,"1":0},"b":{"0":[0],"1":[0]}}
,"/Users/arindamkulshi/patient_portal/backend/src/config/cache.config.ts": {"path":"/Users/arindamkulshi/patient_portal/backend/src/config/cache.config.ts","statementMap":{"0":{"start":{"line":1,"column":20},"end":{"line":18,"column":4}},"1":{"start":{"line":20,"column":2},"end":{"line":20,"column":29}}},"fnMap":{},"branchMap":{"0":{"loc":{"start":{"line":3,"column":18},"end":{"line":3,"column":48}},"type":"binary-expr","locations":[{"start":{"line":3,"column":18},"end":{"line":3,"column":39}},{"start":{"line":3,"column":43},"end":{"line":3,"column":48}}]}},"s":{"0":0,"1":0},"f":{},"b":{"0":[0,0]}}
,"/Users/arindamkulshi/patient_portal/backend/src/config/db.config.ts": {"path":"/Users/arindamkulshi/patient_portal/backend/src/config/db.config.ts","statementMap":{"0":{"start":{"line":1,"column":0},"end":{"line":1,"column":24}},"1":{"start":{"line":7,"column":17},"end":{"line":31,"column":2}},"2":{"start":{"line":33,"column":0},"end":{"line":33,"column":24}}},"fnMap":{},"branchMap":{"0":{"loc":{"start":{"line":11,"column":13},"end":{"line":11,"column":75}},"type":"binary-expr","locations":[{"start":{"line":11,"column":13},"end":{"line":11,"column":33}},{"start":{"line":11,"column":37},"end":{"line":11,"column":75}}]},"1":{"loc":{"start":{"line":19,"column":10},"end":{"line":19,"column":39}},"type":"binary-expr","locations":[{"start":{"line":19,"column":10},"end":{"line":19,"column":29}},{"start":{"line":19,"column":33},"end":{"line":19,"column":39}}]},"2":{"loc":{"start":{"line":20,"column":9},"end":{"line":20,"column":33}},"type":"binary-expr","locations":[{"start":{"line":20,"column":9},"end":{"line":20,"column":27}},{"start":{"line":20,"column":31},"end":{"line":20,"column":33}}]},"3":{"loc":{"start":{"line":21,"column":10},"end":{"line":21,"column":49}},"type":"binary-expr","locations":[{"start":{"line":21,"column":10},"end":{"line":21,"column":29}},{"start":{"line":21,"column":33},"end":{"line":21,"column":49}}]}},"s":{"0":1,"1":1,"2":1},"f":{},"b":{"0":[1,1],"1":[1,1],"2":[1,1],"3":[1,1]}}
,"/Users/arindamkulshi/patient_portal/backend/src/config/server.config.ts": {"path":"/Users/arindamkulshi/patient_portal/backend/src/config/server.config.ts","statementMap":{"0":{"start":{"line":2,"column":0},"end":{"line":2,"column":28}},"1":{"start":{"line":5,"column":0},"end":{"line":5,"column":16}},"2":{"start":{"line":7,"column":15},"end":{"line":24,"column":2}},"3":{"start":{"line":26,"column":0},"end":{"line":26,"column":22}}},"fnMap":{},"branchMap":{"0":{"loc":{"start":{"line":8,"column":8},"end":{"line":8,"column":32}},"type":"binary-expr","locations":[{"start":{"line":8,"column":8},"end":{"line":8,"column":24}},{"start":{"line":8,"column":28},"end":{"line":8,"column":32}}]},"1":{"loc":{"start":{"line":9,"column":11},"end":{"line":9,"column":48}},"type":"binary-expr","locations":[{"start":{"line":9,"column":11},"end":{"line":9,"column":31}},{"start":{"line":9,"column":35},"end":{"line":9,"column":48}}]},"2":{"loc":{"start":{"line":10,"column":12},"end":{"line":10,"column":43}},"type":"binary-expr","locations":[{"start":{"line":10,"column":12},"end":{"line":10,"column":33}},{"start":{"line":10,"column":37},"end":{"line":10,"column":43}}]},"3":{"loc":{"start":{"line":14,"column":12},"end":{"line":14,"column":42}},"type":"binary-expr","locations":[{"start":{"line":14,"column":12},"end":{"line":14,"column":35}},{"start":{"line":14,"column":39},"end":{"line":14,"column":42}}]}},"s":{"0":0,"1":0,"2":0,"3":0},"f":{},"b":{"0":[0,0],"1":[0,0],"2":[0,0],"3":[0,0]}}
,"/Users/arindamkulshi/patient_portal/backend/src/controllers/report.controller.ts": {"path":"/Users/arindamkulshi/patient_portal/backend/src/controllers/report.controller.ts","statementMap":{"0":{"start":{"line":3,"column":0},"end":{"line":3,"column":59}},"1":{"start":{"line":4,"column":0},"end":{"line":4,"column":90}},"2":{"start":{"line":5,"column":0},"end":{"line":5,"column":65}},"3":{"start":{"line":6,"column":0},"end":{"line":6,"column":58}},"4":{"start":{"line":12,"column":29},"end":{"line":36,"column":1}},"5":{"start":{"line":17,"column":2},"end":{"line":35,"column":3}},"6":{"start":{"line":19,"column":25},"end":{"line":19,"column":50}},"7":{"start":{"line":22,"column":20},"end":{"line":22,"column":49}},"8":{"start":{"line":25,"column":4},"end":{"line":25,"column":81}},"9":{"start":{"line":26,"column":4},"end":{"line":26,"column":66}},"10":{"start":{"line":29,"column":19},"end":{"line":29,"column":72}},"11":{"start":{"line":32,"column":4},"end":{"line":32,"column":21}},"12":{"start":{"line":34,"column":4},"end":{"line":34,"column":16}},"13":{"start":{"line":12,"column":13},"end":{"line":12,"column":29}},"14":{"start":{"line":42,"column":29},"end":{"line":61,"column":1}},"15":{"start":{"line":47,"column":2},"end":{"line":60,"column":3}},"16":{"start":{"line":48,"column":19},"end":{"line":48,"column":29}},"17":{"start":{"line":50,"column":4},"end":{"line":52,"column":5}},"18":{"start":{"line":51,"column":6},"end":{"line":51,"column":76}},"19":{"start":{"line":54,"column":19},"end":{"line":54,"column":56}},"20":{"start":{"line":57,"column":4},"end":{"line":57,"column":21}},"21":{"start":{"line":59,"column":4},"end":{"line":59,"column":16}},"22":{"start":{"line":42,"column":13},"end":{"line":42,"column":29}},"23":{"start":{"line":67,"column":28},"end":{"line":89,"column":1}},"24":{"start":{"line":72,"column":2},"end":{"line":88,"column":3}},"25":{"start":{"line":73,"column":23},"end":{"line":73,"column":31}},"26":{"start":{"line":76,"column":19},"end":{"line":76,"column":63}},"27":{"start":{"line":79,"column":4},"end":{"line":79,"column":43}},"28":{"start":{"line":82,"column":4},"end":{"line":85,"column":7}},"29":{"start":{"line":87,"column":4},"end":{"line":87,"column":16}},"30":{"start":{"line":67,"column":13},"end":{"line":67,"column":28}},"31":{"start":{"line":95,"column":28},"end":{"line":123,"column":1}},"32":{"start":{"line":100,"column":2},"end":{"line":122,"column":3}},"33":{"start":{"line":101,"column":19},"end":{"line":101,"column":29}},"34":{"start":{"line":102,"column":23},"end":{"line":102,"column":31}},"35":{"start":{"line":104,"column":4},"end":{"line":106,"column":5}},"36":{"start":{"line":105,"column":6},"end":{"line":105,"column":76}},"37":{"start":{"line":109,"column":19},"end":{"line":109,"column":67}},"38":{"start":{"line":112,"column":4},"end":{"line":112,"column":49}},"39":{"start":{"line":113,"column":4},"end":{"line":113,"column":43}},"40":{"start":{"line":116,"column":4},"end":{"line":119,"column":7}},"41":{"start":{"line":121,"column":4},"end":{"line":121,"column":16}},"42":{"start":{"line":95,"column":13},"end":{"line":95,"column":28}},"43":{"start":{"line":129,"column":28},"end":{"line":153,"column":1}},"44":{"start":{"line":134,"column":2},"end":{"line":152,"column":3}},"45":{"start":{"line":135,"column":19},"end":{"line":135,"column":29}},"46":{"start":{"line":137,"column":4},"end":{"line":139,"column":5}},"47":{"start":{"line":138,"column":6},"end":{"line":138,"column":76}},"48":{"start":{"line":142,"column":4},"end":{"line":142,"column":41}},"49":{"start":{"line":145,"column":4},"end":{"line":145,"column":49}},"50":{"start":{"line":146,"column":4},"end":{"line":146,"column":43}},"51":{"start":{"line":149,"column":4},"end":{"line":149,"column":26}},"52":{"start":{"line":151,"column":4},"end":{"line":151,"column":16}},"53":{"start":{"line":129,"column":13},"end":{"line":129,"column":28}}},"fnMap":{"0":{"name":"(anonymous_0)","decl":{"start":{"line":12,"column":29},"end":{"line":12,"column":34}},"loc":{"start":{"line":16,"column":4},"end":{"line":36,"column":1}}},"1":{"name":"(anonymous_1)","decl":{"start":{"line":42,"column":29},"end":{"line":42,"column":34}},"loc":{"start":{"line":46,"column":4},"end":{"line":61,"column":1}}},"2":{"name":"(anonymous_2)","decl":{"start":{"line":67,"column":28},"end":{"line":67,"column":33}},"loc":{"start":{"line":71,"column":4},"end":{"line":89,"column":1}}},"3":{"name":"(anonymous_3)","decl":{"start":{"line":95,"column":28},"end":{"line":95,"column":33}},"loc":{"start":{"line":99,"column":4},"end":{"line":123,"column":1}}},"4":{"name":"(anonymous_4)","decl":{"start":{"line":129,"column":28},"end":{"line":129,"column":33}},"loc":{"start":{"line":133,"column":4},"end":{"line":153,"column":1}}}},"branchMap":{"0":{"loc":{"start":{"line":50,"column":4},"end":{"line":52,"column":5}},"type":"if","locations":[{"start":{"line":50,"column":4},"end":{"line":52,"column":5}}]},"1":{"loc":{"start":{"line":104,"column":4},"end":{"line":106,"column":5}},"type":"if","locations":[{"start":{"line":104,"column":4},"end":{"line":106,"column":5}}]},"2":{"loc":{"start":{"line":137,"column":4},"end":{"line":139,"column":5}},"type":"if","locations":[{"start":{"line":137,"column":4},"end":{"line":139,"column":5}}]}},"s":{"0":0,"1":0,"2":0,"3":0,"4":0,"5":0,"6":0,"7":0,"8":0,"9":0,"10":0,"11":0,"12":0,"13":0,"14":0,"15":0,"16":0,"17":0,"18":0,"19":0,"20":0,"21":0,"22":0,"23":0,"24":0,"25":0,"26":0,"27":0,"28":0,"29":0,"30":0,"31":0,"32":0,"33":0,"34":0,"35":0,"36":0,"37":0,"38":0,"39":0,"40":0,"41":0,"42":0,"43":0,"44":0,"45":0,"46":0,"47":0,"48":0,"49":0,"50":0,"51":0,"52":0,"53":0},"f":{"0":0,"1":0,"2":0,"3":0,"4":0},"b":{"0":[0],"1":[0],"2":[0]}}
,"/Users/arindamkulshi/patient_portal/backend/src/middleware/cache.middleware.ts": {"path":"/Users/arindamkulshi/patient_portal/backend/src/middleware/cache.middleware.ts","statementMap":{"0":{"start":{"line":3,"column":0},"end":{"line":3,"column":35}},"1":{"start":{"line":4,"column":0},"end":{"line":4,"column":49}},"2":{"start":{"line":7,"column":14},"end":{"line":12,"column":2}},"3":{"start":{"line":17,"column":32},"end":{"line":28,"column":1}},"4":{"start":{"line":19,"column":18},"end":{"line":19,"column":52}},"5":{"start":{"line":22,"column":2},"end":{"line":25,"column":3}},"6":{"start":{"line":23,"column":24},"end":{"line":23,"column":49}},"7":{"start":{"line":24,"column":4},"end":{"line":24,"column":39}},"8":{"start":{"line":27,"column":2},"end":{"line":27,"column":17}},"9":{"start":{"line":17,"column":13},"end":{"line":17,"column":32}},"10":{"start":{"line":34,"column":31},"end":{"line":71,"column":1}},"11":{"start":{"line":35,"column":2},"end":{"line":70,"column":4}},"12":{"start":{"line":37,"column":4},"end":{"line":39,"column":5}},"13":{"start":{"line":38,"column":6},"end":{"line":38,"column":20}},"14":{"start":{"line":41,"column":16},"end":{"line":41,"column":37}},"15":{"start":{"line":44,"column":23},"end":{"line":44,"column":37}},"16":{"start":{"line":46,"column":4},"end":{"line":49,"column":5}},"17":{"start":{"line":47,"column":6},"end":{"line":47,"column":47}},"18":{"start":{"line":48,"column":6},"end":{"line":48,"column":34}},"19":{"start":{"line":52,"column":4},"end":{"line":52,"column":46}},"20":{"start":{"line":55,"column":25},"end":{"line":55,"column":33}},"21":{"start":{"line":58,"column":4},"end":{"line":67,"column":6}},"22":{"start":{"line":60,"column":6},"end":{"line":63,"column":7}},"23":{"start":{"line":61,"column":8},"end":{"line":61,"column":34}},"24":{"start":{"line":62,"column":8},"end":{"line":62,"column":73}},"25":{"start":{"line":66,"column":6},"end":{"line":66,"column":43}},"26":{"start":{"line":69,"column":4},"end":{"line":69,"column":11}},"27":{"start":{"line":34,"column":13},"end":{"line":34,"column":31}},"28":{"start":{"line":77,"column":31},"end":{"line":90,"column":1}},"29":{"start":{"line":78,"column":15},"end":{"line":78,"column":27}},"30":{"start":{"line":79,"column":21},"end":{"line":79,"column":22}},"31":{"start":{"line":81,"column":2},"end":{"line":86,"column":5}},"32":{"start":{"line":82,"column":4},"end":{"line":85,"column":5}},"33":{"start":{"line":83,"column":6},"end":{"line":83,"column":21}},"34":{"start":{"line":84,"column":6},"end":{"line":84,"column":21}},"35":{"start":{"line":88,"column":2},"end":{"line":88,"column":88}},"36":{"start":{"line":89,"column":2},"end":{"line":89,"column":22}},"37":{"start":{"line":77,"column":13},"end":{"line":77,"column":31}},"38":{"start":{"line":95,"column":26},"end":{"line":98,"column":1}},"39":{"start":{"line":96,"column":2},"end":{"line":96,"column":19}},"40":{"start":{"line":97,"column":2},"end":{"line":97,"column":42}},"41":{"start":{"line":95,"column":13},"end":{"line":95,"column":26}},"42":{"start":{"line":103,"column":29},"end":{"line":111,"column":1}},"43":{"start":{"line":104,"column":2},"end":{"line":110,"column":4}},"44":{"start":{"line":103,"column":13},"end":{"line":103,"column":29}},"45":{"start":{"line":114,"column":36},"end":{"line":128,"column":1}},"46":{"start":{"line":115,"column":2},"end":{"line":127,"column":3}},"47":{"start":{"line":116,"column":4},"end":{"line":124,"column":7}},"48":{"start":{"line":126,"column":4},"end":{"line":126,"column":11}},"49":{"start":{"line":114,"column":13},"end":{"line":114,"column":36}}},"fnMap":{"0":{"name":"(anonymous_1)","decl":{"start":{"line":17,"column":32},"end":{"line":17,"column":33}},"loc":{"start":{"line":17,"column":57},"end":{"line":28,"column":1}}},"1":{"name":"(anonymous_2)","decl":{"start":{"line":34,"column":31},"end":{"line":34,"column":32}},"loc":{"start":{"line":34,"column":65},"end":{"line":71,"column":1}}},"2":{"name":"(anonymous_3)","decl":{"start":{"line":35,"column":9},"end":{"line":35,"column":10}},"loc":{"start":{"line":35,"column":61},"end":{"line":70,"column":3}}},"3":{"name":"(anonymous_4)","decl":{"start":{"line":58,"column":15},"end":{"line":58,"column":24}},"loc":{"start":{"line":58,"column":33},"end":{"line":67,"column":5}}},"4":{"name":"(anonymous_5)","decl":{"start":{"line":77,"column":31},"end":{"line":77,"column":32}},"loc":{"start":{"line":77,"column":59},"end":{"line":90,"column":1}}},"5":{"name":"(anonymous_6)","decl":{"start":{"line":81,"column":15},"end":{"line":81,"column":18}},"loc":{"start":{"line":81,"column":21},"end":{"line":86,"column":3}}},"6":{"name":"(anonymous_7)","decl":{"start":{"line":95,"column":26},"end":{"line":95,"column":35}},"loc":{"start":{"line":95,"column":37},"end":{"line":98,"column":1}}},"7":{"name":"(anonymous_8)","decl":{"start":{"line":103,"column":29},"end":{"line":103,"column":37}},"loc":{"start":{"line":103,"column":39},"end":{"line":111,"column":1}}},"8":{"name":"(anonymous_9)","decl":{"start":{"line":114,"column":36},"end":{"line":114,"column":37}},"loc":{"start":{"line":114,"column":88},"end":{"line":128,"column":1}}}},"branchMap":{"0":{"loc":{"start":{"line":22,"column":2},"end":{"line":25,"column":3}},"type":"if","locations":[{"start":{"line":22,"column":2},"end":{"line":25,"column":3}}]},"1":{"loc":{"start":{"line":34,"column":32},"end":{"line":34,"column":61}},"type":"default-arg","locations":[{"start":{"line":34,"column":46},"end":{"line":34,"column":61}}]},"2":{"loc":{"start":{"line":37,"column":4},"end":{"line":39,"column":5}},"type":"if","locations":[{"start":{"line":37,"column":4},"end":{"line":39,"column":5}}]},"3":{"loc":{"start":{"line":37,"column":8},"end":{"line":37,"column":52}},"type":"binary-expr","locations":[{"start":{"line":37,"column":8},"end":{"line":37,"column":28}},{"start":{"line":37,"column":32},"end":{"line":37,"column":52}}]},"4":{"loc":{"start":{"line":46,"column":4},"end":{"line":49,"column":5}},"type":"if","locations":[{"start":{"line":46,"column":4},"end":{"line":49,"column":5}}]},"5":{"loc":{"start":{"line":60,"column":6},"end":{"line":63,"column":7}},"type":"if","locations":[{"start":{"line":60,"column":6},"end":{"line":63,"column":7}}]},"6":{"loc":{"start":{"line":60,"column":10},"end":{"line":60,"column":55}},"type":"binary-expr","locations":[{"start":{"line":60,"column":10},"end":{"line":60,"column":31}},{"start":{"line":60,"column":35},"end":{"line":60,"column":55}}]},"7":{"loc":{"start":{"line":82,"column":4},"end":{"line":85,"column":5}},"type":"if","locations":[{"start":{"line":82,"column":4},"end":{"line":85,"column":5}}]},"8":{"loc":{"start":{"line":115,"column":2},"end":{"line":127,"column":3}},"type":"if","locations":[{"start":{"line":115,"column":2},"end":{"line":127,"column":3}},{"start":{"line":125,"column":9},"end":{"line":127,"column":3}}]}},"s":{"0":0,"1":0,"2":0,"3":0,"4":0,"5":0,"6":0,"7":0,"8":0,"9":0,"10":0,"11":0,"12":0,"13":0,"14":0,"15":0,"16":0,"17":0,"18":0,"19":0,"20":0,"21":0,"22":0,"23":0,"24":0,"25":0,"26":0,"27":0,"28":0,"29":0,"30":0,"31":0,"32":0,"33":0,"34":0,"35":0,"36":0,"37":0,"38":0,"39":0,"40":0,"41":0,"42":0,"43":0,"44":0,"45":0,"46":0,"47":0,"48":0,"49":0},"f":{"0":0,"1":0,"2":0,"3":0,"4":0,"5":0,"6":0,"7":0,"8":0},"b":{"0":[0],"1":[0],"2":[0],"3":[0,0],"4":[0],"5":[0],"6":[0,0],"7":[0],"8":[0,0]}}
,"/Users/arindamkulshi/patient_portal/backend/src/middleware/error.middleware.ts": {"path":"/Users/arindamkulshi/patient_portal/backend/src/middleware/error.middleware.ts","statementMap":{"0":{"start":{"line":11,"column":4},"end":{"line":11,"column":19}},"1":{"start":{"line":12,"column":4},"end":{"line":12,"column":33}},"2":{"start":{"line":13,"column":4},"end":{"line":13,"column":21}},"3":{"start":{"line":14,"column":4},"end":{"line":14,"column":38}},"4":{"start":{"line":15,"column":4},"end":{"line":15,"column":52}},"5":{"start":{"line":6,"column":0},"end":{"line":6,"column":13}},"6":{"start":{"line":22,"column":31},"end":{"line":61,"column":1}},"7":{"start":{"line":28,"column":2},"end":{"line":28,"column":41}},"8":{"start":{"line":29,"column":2},"end":{"line":29,"column":27}},"9":{"start":{"line":32,"column":19},"end":{"line":32,"column":22}},"10":{"start":{"line":33,"column":13},"end":{"line":33,"column":29}},"11":{"start":{"line":34,"column":16},"end":{"line":34,"column":46}},"12":{"start":{"line":37,"column":2},"end":{"line":51,"column":3}},"13":{"start":{"line":38,"column":4},"end":{"line":38,"column":32}},"14":{"start":{"line":39,"column":4},"end":{"line":39,"column":20}},"15":{"start":{"line":40,"column":4},"end":{"line":40,"column":26}},"16":{"start":{"line":43,"column":7},"end":{"line":51,"column":3}},"17":{"start":{"line":44,"column":4},"end":{"line":44,"column":21}},"18":{"start":{"line":45,"column":4},"end":{"line":45,"column":30}},"19":{"start":{"line":46,"column":4},"end":{"line":46,"column":26}},"20":{"start":{"line":49,"column":7},"end":{"line":51,"column":3}},"21":{"start":{"line":50,"column":4},"end":{"line":50,"column":26}},"22":{"start":{"line":54,"column":2},"end":{"line":60,"column":5}},"23":{"start":{"line":22,"column":13},"end":{"line":22,"column":31}}},"fnMap":{"0":{"name":"(anonymous_0)","decl":{"start":{"line":10,"column":2},"end":{"line":10,"column":14}},"loc":{"start":{"line":10,"column":72},"end":{"line":16,"column":3}}},"1":{"name":"(anonymous_1)","decl":{"start":{"line":22,"column":31},"end":{"line":22,"column":null}},"loc":{"start":{"line":27,"column":4},"end":{"line":61,"column":1}}}},"branchMap":{"0":{"loc":{"start":{"line":10,"column":31},"end":{"line":10,"column":47}},"type":"default-arg","locations":[{"start":{"line":10,"column":44},"end":{"line":10,"column":47}}]},"1":{"loc":{"start":{"line":10,"column":49},"end":{"line":10,"column":72}},"type":"default-arg","locations":[{"start":{"line":10,"column":56},"end":{"line":10,"column":72}}]},"2":{"loc":{"start":{"line":37,"column":2},"end":{"line":51,"column":3}},"type":"if","locations":[{"start":{"line":37,"column":2},"end":{"line":51,"column":3}},{"start":{"line":43,"column":7},"end":{"line":51,"column":3}}]},"3":{"loc":{"start":{"line":43,"column":7},"end":{"line":51,"column":3}},"type":"if","locations":[{"start":{"line":43,"column":7},"end":{"line":51,"column":3}},{"start":{"line":49,"column":7},"end":{"line":51,"column":3}}]},"4":{"loc":{"start":{"line":49,"column":7},"end":{"line":51,"column":3}},"type":"if","locations":[{"start":{"line":49,"column":7},"end":{"line":51,"column":3}}]}},"s":{"0":8,"1":8,"2":8,"3":8,"4":8,"5":2,"6":2,"7":0,"8":0,"9":0,"10":0,"11":0,"12":0,"13":0,"14":0,"15":0,"16":0,"17":0,"18":0,"19":0,"20":0,"21":0,"22":0,"23":2},"f":{"0":8,"1":0},"b":{"0":[0],"1":[0],"2":[0,0],"3":[0,0],"4":[0]}}
,"/Users/arindamkulshi/patient_portal/backend/src/middleware/not-found.middleware.ts": {"path":"/Users/arindamkulshi/patient_portal/backend/src/middleware/not-found.middleware.ts","statementMap":{"0":{"start":{"line":2,"column":0},"end":{"line":2,"column":46}},"1":{"start":{"line":7,"column":34},"end":{"line":13,"column":1}},"2":{"start":{"line":12,"column":2},"end":{"line":12,"column":90}},"3":{"start":{"line":7,"column":13},"end":{"line":7,"column":34}}},"fnMap":{"0":{"name":"(anonymous_0)","decl":{"start":{"line":7,"column":34},"end":{"line":7,"column":null}},"loc":{"start":{"line":11,"column":4},"end":{"line":13,"column":1}}}},"branchMap":{},"s":{"0":0,"1":0,"2":0,"3":0},"f":{"0":0},"b":{}}
,"/Users/arindamkulshi/patient_portal/backend/src/middleware/request-logger.middleware.ts": {"path":"/Users/arindamkulshi/patient_portal/backend/src/middleware/request-logger.middleware.ts","statementMap":{"0":{"start":{"line":6,"column":39},"end":{"line":30,"column":1}},"1":{"start":{"line":12,"column":2},"end":{"line":14,"column":3}},"2":{"start":{"line":13,"column":4},"end":{"line":13,"column":18}},"3":{"start":{"line":17,"column":2},"end":{"line":17,"column":96}},"4":{"start":{"line":20,"column":2},"end":{"line":27,"column":3}},"5":{"start":{"line":22,"column":26},"end":{"line":22,"column":41}},"6":{"start":{"line":23,"column":4},"end":{"line":23,"column":70}},"7":{"start":{"line":23,"column":32},"end":{"line":23,"column":70}},"8":{"start":{"line":24,"column":4},"end":{"line":24,"column":64}},"9":{"start":{"line":24,"column":29},"end":{"line":24,"column":64}},"10":{"start":{"line":26,"column":4},"end":{"line":26,"column":64}},"11":{"start":{"line":29,"column":2},"end":{"line":29,"column":9}},"12":{"start":{"line":6,"column":13},"end":{"line":6,"column":39}}},"fnMap":{"0":{"name":"(anonymous_0)","decl":{"start":{"line":6,"column":39},"end":{"line":6,"column":null}},"loc":{"start":{"line":10,"column":4},"end":{"line":30,"column":1}}}},"branchMap":{"0":{"loc":{"start":{"line":12,"column":2},"end":{"line":14,"column":3}},"type":"if","locations":[{"start":{"line":12,"column":2},"end":{"line":14,"column":3}}]},"1":{"loc":{"start":{"line":20,"column":2},"end":{"line":27,"column":3}},"type":"if","locations":[{"start":{"line":20,"column":2},"end":{"line":27,"column":3}}]},"2":{"loc":{"start":{"line":20,"column":6},"end":{"line":20,"column":65}},"type":"binary-expr","locations":[{"start":{"line":20,"column":7},"end":{"line":20,"column":28}},{"start":{"line":20,"column":32},"end":{"line":20,"column":52}},{"start":{"line":20,"column":57},"end":{"line":20,"column":65}}]},"3":{"loc":{"start":{"line":23,"column":4},"end":{"line":23,"column":70}},"type":"if","locations":[{"start":{"line":23,"column":4},"end":{"line":23,"column":70}}]},"4":{"loc":{"start":{"line":24,"column":4},"end":{"line":24,"column":64}},"type":"if","locations":[{"start":{"line":24,"column":4},"end":{"line":24,"column":64}}]}},"s":{"0":0,"1":0,"2":0,"3":0,"4":0,"5":0,"6":0,"7":0,"8":0,"9":0,"10":0,"11":0,"12":0},"f":{"0":0},"b":{"0":[0],"1":[0],"2":[0,0,0],"3":[0],"4":[0]}}
,"/Users/arindamkulshi/patient_portal/backend/src/middleware/validation.middleware.ts": {"path":"/Users/arindamkulshi/patient_portal/backend/src/middleware/validation.middleware.ts","statementMap":{"0":{"start":{"line":3,"column":0},"end":{"line":3,"column":46}},"1":{"start":{"line":23,"column":31},"end":{"line":88,"column":1}},"2":{"start":{"line":24,"column":2},"end":{"line":87,"column":4}},"3":{"start":{"line":25,"column":29},"end":{"line":25,"column":31}},"4":{"start":{"line":28,"column":4},"end":{"line":78,"column":5}},"5":{"start":{"line":29,"column":52},"end":{"line":29,"column":56}},"6":{"start":{"line":30,"column":21},"end":{"line":30,"column":58}},"7":{"start":{"line":31,"column":20},"end":{"line":31,"column":54}},"8":{"start":{"line":34,"column":6},"end":{"line":37,"column":7}},"9":{"start":{"line":35,"column":8},"end":{"line":35,"column":60}},"10":{"start":{"line":36,"column":8},"end":{"line":36,"column":17}},"11":{"start":{"line":40,"column":6},"end":{"line":42,"column":7}},"12":{"start":{"line":41,"column":8},"end":{"line":41,"column":17}},"13":{"start":{"line":45,"column":6},"end":{"line":54,"column":7}},"14":{"start":{"line":47,"column":8},"end":{"line":53,"column":9}},"15":{"start":{"line":48,"column":10},"end":{"line":48,"column":67}},"16":{"start":{"line":51,"column":13},"end":{"line":53,"column":9}},"17":{"start":{"line":52,"column":10},"end":{"line":52,"column":73}},"18":{"start":{"line":57,"column":6},"end":{"line":72,"column":7}},"19":{"start":{"line":59,"column":8},"end":{"line":61,"column":9}},"20":{"start":{"line":60,"column":10},"end":{"line":60,"column":96}},"21":{"start":{"line":64,"column":8},"end":{"line":66,"column":9}},"22":{"start":{"line":65,"column":10},"end":{"line":65,"column":93}},"23":{"start":{"line":69,"column":8},"end":{"line":71,"column":9}},"24":{"start":{"line":70,"column":10},"end":{"line":70,"column":72}},"25":{"start":{"line":75,"column":6},"end":{"line":77,"column":7}},"26":{"start":{"line":76,"column":8},"end":{"line":76,"column":66}},"27":{"start":{"line":81,"column":4},"end":{"line":83,"column":5}},"28":{"start":{"line":82,"column":6},"end":{"line":82,"column":76}},"29":{"start":{"line":86,"column":4},"end":{"line":86,"column":11}},"30":{"start":{"line":23,"column":13},"end":{"line":23,"column":31}},"31":{"start":{"line":93,"column":13},"end":{"line":133,"column":2}}},"fnMap":{"0":{"name":"(anonymous_0)","decl":{"start":{"line":23,"column":31},"end":{"line":23,"column":32}},"loc":{"start":{"line":23,"column":59},"end":{"line":88,"column":1}}},"1":{"name":"(anonymous_1)","decl":{"start":{"line":24,"column":9},"end":{"line":24,"column":10}},"loc":{"start":{"line":24,"column":61},"end":{"line":87,"column":3}}}},"branchMap":{"0":{"loc":{"start":{"line":29,"column":31},"end":{"line":29,"column":47}},"type":"default-arg","locations":[{"start":{"line":29,"column":42},"end":{"line":29,"column":47}}]},"1":{"loc":{"start":{"line":31,"column":20},"end":{"line":31,"column":54}},"type":"cond-expr","locations":[{"start":{"line":31,"column":29},"end":{"line":31,"column":42}},{"start":{"line":31,"column":45},"end":{"line":31,"column":54}}]},"2":{"loc":{"start":{"line":34,"column":6},"end":{"line":37,"column":7}},"type":"if","locations":[{"start":{"line":34,"column":6},"end":{"line":37,"column":7}}]},"3":{"loc":{"start":{"line":34,"column":10},"end":{"line":34,"column":77}},"type":"binary-expr","locations":[{"start":{"line":34,"column":10},"end":{"line":34,"column":18}},{"start":{"line":34,"column":23},"end":{"line":34,"column":42}},{"start":{"line":34,"column":46},"end":{"line":34,"column":60}},{"start":{"line":34,"column":64},"end":{"line":34,"column":76}}]},"4":{"loc":{"start":{"line":35,"column":20},"end":{"line":35,"column":58}},"type":"binary-expr","locations":[{"start":{"line":35,"column":20},"end":{"line":35,"column":32}},{"start":{"line":35,"column":36},"end":{"line":35,"column":58}}]},"5":{"loc":{"start":{"line":40,"column":6},"end":{"line":42,"column":7}},"type":"if","locations":[{"start":{"line":40,"column":6},"end":{"line":42,"column":7}}]},"6":{"loc":{"start":{"line":40,"column":10},"end":{"line":40,"column":62}},"type":"binary-expr","locations":[{"start":{"line":40,"column":11},"end":{"line":40,"column":30}},{"start":{"line":40,"column":34},"end":{"line":40,"column":48}},{"start":{"line":40,"column":53},"end":{"line":40,"column":62}}]},"7":{"loc":{"start":{"line":45,"column":6},"end":{"line":54,"column":7}},"type":"if","locations":[{"start":{"line":45,"column":6},"end":{"line":54,"column":7}}]},"8":{"loc":{"start":{"line":45,"column":10},"end":{"line":45,"column":49}},"type":"binary-expr","locations":[{"start":{"line":45,"column":10},"end":{"line":45,"column":19}},{"start":{"line":45,"column":23},"end":{"line":45,"column":49}}]},"9":{"loc":{"start":{"line":47,"column":8},"end":{"line":53,"column":9}},"type":"if","locations":[{"start":{"line":47,"column":8},"end":{"line":53,"column":9}},{"start":{"line":51,"column":13},"end":{"line":53,"column":9}}]},"10":{"loc":{"start":{"line":47,"column":12},"end":{"line":47,"column":58}},"type":"binary-expr","locations":[{"start":{"line":47,"column":12},"end":{"line":47,"column":33}},{"start":{"line":47,"column":37},"end":{"line":47,"column":58}}]},"11":{"loc":{"start":{"line":48,"column":22},"end":{"line":48,"column":65}},"type":"binary-expr","locations":[{"start":{"line":48,"column":22},"end":{"line":48,"column":34}},{"start":{"line":48,"column":38},"end":{"line":48,"column":65}}]},"12":{"loc":{"start":{"line":51,"column":13},"end":{"line":53,"column":9}},"type":"if","locations":[{"start":{"line":51,"column":13},"end":{"line":53,"column":9}}]},"13":{"loc":{"start":{"line":52,"column":22},"end":{"line":52,"column":71}},"type":"binary-expr","locations":[{"start":{"line":52,"column":22},"end":{"line":52,"column":34}},{"start":{"line":52,"column":38},"end":{"line":52,"column":71}}]},"14":{"loc":{"start":{"line":57,"column":6},"end":{"line":72,"column":7}},"type":"if","locations":[{"start":{"line":57,"column":6},"end":{"line":72,"column":7}}]},"15":{"loc":{"start":{"line":59,"column":8},"end":{"line":61,"column":9}},"type":"if","locations":[{"start":{"line":59,"column":8},"end":{"line":61,"column":9}}]},"16":{"loc":{"start":{"line":59,"column":12},"end":{"line":59,"column":73}},"type":"binary-expr","locations":[{"start":{"line":59,"column":12},"end":{"line":59,"column":40}},{"start":{"line":59,"column":44},"end":{"line":59,"column":73}}]},"17":{"loc":{"start":{"line":60,"column":22},"end":{"line":60,"column":94}},"type":"binary-expr","locations":[{"start":{"line":60,"column":22},"end":{"line":60,"column":34}},{"start":{"line":60,"column":38},"end":{"line":60,"column":94}}]},"18":{"loc":{"start":{"line":64,"column":8},"end":{"line":66,"column":9}},"type":"if","locations":[{"start":{"line":64,"column":8},"end":{"line":66,"column":9}}]},"19":{"loc":{"start":{"line":64,"column":12},"end":{"line":64,"column":73}},"type":"binary-expr","locations":[{"start":{"line":64,"column":12},"end":{"line":64,"column":40}},{"start":{"line":64,"column":44},"end":{"line":64,"column":73}}]},"20":{"loc":{"start":{"line":65,"column":22},"end":{"line":65,"column":91}},"type":"binary-expr","locations":[{"start":{"line":65,"column":22},"end":{"line":65,"column":34}},{"start":{"line":65,"column":38},"end":{"line":65,"column":91}}]},"21":{"loc":{"start":{"line":69,"column":8},"end":{"line":71,"column":9}},"type":"if","locations":[{"start":{"line":69,"column":8},"end":{"line":71,"column":9}}]},"22":{"loc":{"start":{"line":69,"column":12},"end":{"line":69,"column":53}},"type":"binary-expr","locations":[{"start":{"line":69,"column":12},"end":{"line":69,"column":24}},{"start":{"line":69,"column":28},"end":{"line":69,"column":53}}]},"23":{"loc":{"start":{"line":70,"column":22},"end":{"line":70,"column":70}},"type":"binary-expr","locations":[{"start":{"line":70,"column":22},"end":{"line":70,"column":34}},{"start":{"line":70,"column":38},"end":{"line":70,"column":70}}]},"24":{"loc":{"start":{"line":75,"column":6},"end":{"line":77,"column":7}},"type":"if","locations":[{"start":{"line":75,"column":6},"end":{"line":77,"column":7}}]},"25":{"loc":{"start":{"line":75,"column":10},"end":{"line":75,"column":44}},"type":"binary-expr","locations":[{"start":{"line":75,"column":10},"end":{"line":75,"column":21}},{"start":{"line":75,"column":25},"end":{"line":75,"column":44}}]},"26":{"loc":{"start":{"line":76,"column":20},"end":{"line":76,"column":64}},"type":"binary-expr","locations":[{"start":{"line":76,"column":20},"end":{"line":76,"column":32}},{"start":{"line":76,"column":36},"end":{"line":76,"column":64}}]},"27":{"loc":{"start":{"line":81,"column":4},"end":{"line":83,"column":5}},"type":"if","locations":[{"start":{"line":81,"column":4},"end":{"line":83,"column":5}}]}},"s":{"0":0,"1":0,"2":0,"3":0,"4":0,"5":0,"6":0,"7":0,"8":0,"9":0,"10":0,"11":0,"12":0,"13":0,"14":0,"15":0,"16":0,"17":0,"18":0,"19":0,"20":0,"21":0,"22":0,"23":0,"24":0,"25":0,"26":0,"27":0,"28":0,"29":0,"30":0,"31":0},"f":{"0":0,"1":0},"b":{"0":[0],"1":[0,0],"2":[0],"3":[0,0,0,0],"4":[0,0],"5":[0],"6":[0,0,0],"7":[0],"8":[0,0],"9":[0,0],"10":[0,0],"11":[0,0],"12":[0],"13":[0,0],"14":[0],"15":[0],"16":[0,0],"17":[0,0],"18":[0],"19":[0,0],"20":[0,0],"21":[0],"22":[0,0],"23":[0,0],"24":[0],"25":[0,0],"26":[0,0],"27":[0]}}
,"/Users/arindamkulshi/patient_portal/backend/src/models/report.model.ts": {"path":"/Users/arindamkulshi/patient_portal/backend/src/models/report.model.ts","statementMap":{"0":{"start":{"line":3,"column":0},"end":{"line":3,"column":36}},"1":{"start":{"line":19,"column":4},"end":{"line":19,"column":34}},"2":{"start":{"line":20,"column":4},"end":{"line":20,"column":46}},"3":{"start":{"line":21,"column":4},"end":{"line":21,"column":42}},"4":{"start":{"line":22,"column":4},"end":{"line":22,"column":54}},"5":{"start":{"line":23,"column":4},"end":{"line":23,"column":38}},"6":{"start":{"line":24,"column":4},"end":{"line":24,"column":39}},"7":{"start":{"line":25,"column":4},"end":{"line":25,"column":64}},"8":{"start":{"line":26,"column":4},"end":{"line":26,"column":64}},"9":{"start":{"line":33,"column":4},"end":{"line":33,"column":62}},"10":{"start":{"line":33,"column":26},"end":{"line":33,"column":62}},"11":{"start":{"line":34,"column":4},"end":{"line":34,"column":56}},"12":{"start":{"line":34,"column":24},"end":{"line":34,"column":56}},"13":{"start":{"line":35,"column":4},"end":{"line":35,"column":41}},"14":{"start":{"line":35,"column":19},"end":{"line":35,"column":41}},"15":{"start":{"line":36,"column":4},"end":{"line":36,"column":50}},"16":{"start":{"line":36,"column":22},"end":{"line":36,"column":50}},"17":{"start":{"line":37,"column":4},"end":{"line":37,"column":41}},"18":{"start":{"line":37,"column":19},"end":{"line":37,"column":41}},"19":{"start":{"line":38,"column":4},"end":{"line":38,"column":46}},"20":{"start":{"line":45,"column":4},"end":{"line":54,"column":6}},"21":{"start":{"line":61,"column":4},"end":{"line":61,"column":33}},"22":{"start":{"line":8,"column":0},"end":{"line":8,"column":13}}},"fnMap":{"0":{"name":"(anonymous_0)","decl":{"start":{"line":18,"column":2},"end":{"line":18,"column":14}},"loc":{"start":{"line":18,"column":35},"end":{"line":27,"column":3}}},"1":{"name":"(anonymous_1)","decl":{"start":{"line":32,"column":2},"end":{"line":32,"column":8}},"loc":{"start":{"line":32,"column":30},"end":{"line":39,"column":3}}},"2":{"name":"(anonymous_2)","decl":{"start":{"line":44,"column":2},"end":{"line":44,"column":8}},"loc":{"start":{"line":44,"column":8},"end":{"line":55,"column":3}}},"3":{"name":"(anonymous_3)","decl":{"start":{"line":60,"column":2},"end":{"line":60,"column":8}},"loc":{"start":{"line":60,"column":27},"end":{"line":62,"column":3}}}},"branchMap":{"0":{"loc":{"start":{"line":19,"column":14},"end":{"line":19,"column":33}},"type":"binary-expr","locations":[{"start":{"line":19,"column":14},"end":{"line":19,"column":21}},{"start":{"line":19,"column":25},"end":{"line":19,"column":33}}]},"1":{"loc":{"start":{"line":20,"column":23},"end":{"line":20,"column":45}},"type":"binary-expr","locations":[{"start":{"line":20,"column":23},"end":{"line":20,"column":39}},{"start":{"line":20,"column":43},"end":{"line":20,"column":45}}]},"2":{"loc":{"start":{"line":21,"column":21},"end":{"line":21,"column":41}},"type":"binary-expr","locations":[{"start":{"line":21,"column":21},"end":{"line":21,"column":35}},{"start":{"line":21,"column":39},"end":{"line":21,"column":41}}]},"3":{"loc":{"start":{"line":22,"column":16},"end":{"line":22,"column":53}},"type":"binary-expr","locations":[{"start":{"line":22,"column":16},"end":{"line":22,"column":25}},{"start":{"line":22,"column":29},"end":{"line":22,"column":53}}]},"4":{"loc":{"start":{"line":23,"column":19},"end":{"line":23,"column":37}},"type":"binary-expr","locations":[{"start":{"line":23,"column":19},"end":{"line":23,"column":31}},{"start":{"line":23,"column":35},"end":{"line":23,"column":37}}]},"5":{"loc":{"start":{"line":24,"column":16},"end":{"line":24,"column":38}},"type":"binary-expr","locations":[{"start":{"line":24,"column":16},"end":{"line":24,"column":25}},{"start":{"line":24,"column":29},"end":{"line":24,"column":38}}]},"6":{"loc":{"start":{"line":25,"column":21},"end":{"line":25,"column":63}},"type":"binary-expr","locations":[{"start":{"line":25,"column":21},"end":{"line":25,"column":35}},{"start":{"line":25,"column":39},"end":{"line":25,"column":63}}]},"7":{"loc":{"start":{"line":26,"column":21},"end":{"line":26,"column":63}},"type":"binary-expr","locations":[{"start":{"line":26,"column":21},"end":{"line":26,"column":35}},{"start":{"line":26,"column":39},"end":{"line":26,"column":63}}]},"8":{"loc":{"start":{"line":33,"column":4},"end":{"line":33,"column":62}},"type":"if","locations":[{"start":{"line":33,"column":4},"end":{"line":33,"column":62}}]},"9":{"loc":{"start":{"line":34,"column":4},"end":{"line":34,"column":56}},"type":"if","locations":[{"start":{"line":34,"column":4},"end":{"line":34,"column":56}}]},"10":{"loc":{"start":{"line":35,"column":4},"end":{"line":35,"column":41}},"type":"if","locations":[{"start":{"line":35,"column":4},"end":{"line":35,"column":41}}]},"11":{"loc":{"start":{"line":36,"column":4},"end":{"line":36,"column":50}},"type":"if","locations":[{"start":{"line":36,"column":4},"end":{"line":36,"column":50}}]},"12":{"loc":{"start":{"line":37,"column":4},"end":{"line":37,"column":41}},"type":"if","locations":[{"start":{"line":37,"column":4},"end":{"line":37,"column":41}}]}},"s":{"0":3,"1":8,"2":8,"3":8,"4":8,"5":8,"6":8,"7":8,"8":8,"9":3,"10":2,"11":3,"12":0,"13":3,"14":0,"15":3,"16":2,"17":3,"18":1,"19":3,"20":3,"21":2,"22":3},"f":{"0":8,"1":3,"2":3,"3":2},"b":{"0":[8,5],"1":[8,0],"2":[8,0],"3":[8,5],"4":[8,0],"5":[8,0],"6":[8,5],"7":[8,5],"8":[2],"9":[0],"10":[0],"11":[2],"12":[1]}}
,"/Users/arindamkulshi/patient_portal/backend/src/repositories/report.repository.ts": {"path":"/Users/arindamkulshi/patient_portal/backend/src/repositories/report.repository.ts","statementMap":{"0":{"start":{"line":3,"column":0},"end":{"line":3,"column":53}},"1":{"start":{"line":5,"column":0},"end":{"line":5,"column":63}},"2":{"start":{"line":6,"column":0},"end":{"line":6,"column":58}},"3":{"start":{"line":15,"column":4},"end":{"line":15,"column":58}},"4":{"start":{"line":22,"column":4},"end":{"line":22,"column":36}},"5":{"start":{"line":30,"column":4},"end":{"line":32,"column":5}},"6":{"start":{"line":31,"column":6},"end":{"line":31,"column":35}},"7":{"start":{"line":35,"column":27},"end":{"line":35,"column":61}},"8":{"start":{"line":38,"column":4},"end":{"line":38,"column":46}},"9":{"start":{"line":46,"column":29},"end":{"line":46,"column":63}},"10":{"start":{"line":47,"column":21},"end":{"line":47,"column":83}},"11":{"start":{"line":48,"column":19},"end":{"line":48,"column":77}},"12":{"start":{"line":51,"column":4},"end":{"line":83,"column":6}},"13":{"start":{"line":53,"column":6},"end":{"line":55,"column":7}},"14":{"start":{"line":54,"column":8},"end":{"line":54,"column":21}},"15":{"start":{"line":58,"column":6},"end":{"line":60,"column":7}},"16":{"start":{"line":59,"column":8},"end":{"line":59,"column":21}},"17":{"start":{"line":63,"column":6},"end":{"line":65,"column":7}},"18":{"start":{"line":64,"column":8},"end":{"line":64,"column":21}},"19":{"start":{"line":68,"column":6},"end":{"line":73,"column":7}},"20":{"start":{"line":69,"column":27},"end":{"line":69,"column":58}},"21":{"start":{"line":70,"column":8},"end":{"line":72,"column":9}},"22":{"start":{"line":71,"column":10},"end":{"line":71,"column":23}},"23":{"start":{"line":75,"column":6},"end":{"line":80,"column":7}},"24":{"start":{"line":76,"column":27},"end":{"line":76,"column":58}},"25":{"start":{"line":77,"column":8},"end":{"line":79,"column":9}},"26":{"start":{"line":78,"column":10},"end":{"line":78,"column":23}},"27":{"start":{"line":82,"column":6},"end":{"line":82,"column":18}},"28":{"start":{"line":90,"column":4},"end":{"line":90,"column":36}},"29":{"start":{"line":97,"column":19},"end":{"line":97,"column":46}},"30":{"start":{"line":98,"column":4},"end":{"line":98,"column":48}},"31":{"start":{"line":105,"column":27},"end":{"line":105,"column":50}},"32":{"start":{"line":107,"column":4},"end":{"line":109,"column":5}},"33":{"start":{"line":108,"column":6},"end":{"line":108,"column":84}},"34":{"start":{"line":111,"column":19},"end":{"line":111,"column":55}},"35":{"start":{"line":112,"column":4},"end":{"line":112,"column":30}},"36":{"start":{"line":114,"column":4},"end":{"line":114,"column":52}},"37":{"start":{"line":121,"column":19},"end":{"line":121,"column":42}},"38":{"start":{"line":123,"column":4},"end":{"line":125,"column":5}},"39":{"start":{"line":124,"column":6},"end":{"line":124,"column":84}},"40":{"start":{"line":127,"column":4},"end":{"line":127,"column":35}},"41":{"start":{"line":134,"column":4},"end":{"line":136,"column":5}},"42":{"start":{"line":135,"column":6},"end":{"line":135,"column":34}},"43":{"start":{"line":138,"column":27},"end":{"line":138,"column":61}},"44":{"start":{"line":139,"column":4},"end":{"line":139,"column":46}},"45":{"start":{"line":149,"column":80},"end":{"line":149,"column":87}},"46":{"start":{"line":152,"column":18},"end":{"line":152,"column":43}},"47":{"start":{"line":155,"column":4},"end":{"line":163,"column":5}},"48":{"start":{"line":156,"column":6},"end":{"line":162,"column":8}},"49":{"start":{"line":166,"column":18},"end":{"line":166,"column":45}},"50":{"start":{"line":169,"column":4},"end":{"line":169,"column":63}},"51":{"start":{"line":172,"column":4},"end":{"line":172,"column":52}},"52":{"start":{"line":175,"column":17},"end":{"line":175,"column":47}},"53":{"start":{"line":176,"column":23},"end":{"line":176,"column":47}},"54":{"start":{"line":178,"column":4},"end":{"line":184,"column":6}},"55":{"start":{"line":195,"column":4},"end":{"line":211,"column":7}},"56":{"start":{"line":196,"column":25},"end":{"line":196,"column":42}},"57":{"start":{"line":197,"column":25},"end":{"line":197,"column":42}},"58":{"start":{"line":200,"column":6},"end":{"line":203,"column":7}},"59":{"start":{"line":201,"column":8},"end":{"line":201,"column":44}},"60":{"start":{"line":202,"column":8},"end":{"line":202,"column":44}},"61":{"start":{"line":206,"column":6},"end":{"line":210,"column":7}},"62":{"start":{"line":207,"column":8},"end":{"line":207,"column":62}},"63":{"start":{"line":209,"column":8},"end":{"line":209,"column":62}},"64":{"start":{"line":218,"column":4},"end":{"line":218,"column":31}},"65":{"start":{"line":11,"column":0},"end":{"line":11,"column":13}},"66":{"start":{"line":223,"column":13},"end":{"line":223,"column":55}}},"fnMap":{"0":{"name":"(anonymous_0)","decl":{"start":{"line":14,"column":2},"end":{"line":14,"column":null}},"loc":{"start":{"line":14,"column":2},"end":{"line":16,"column":3}}},"1":{"name":"(anonymous_1)","decl":{"start":{"line":21,"column":2},"end":{"line":21,"column":7}},"loc":{"start":{"line":21,"column":18},"end":{"line":23,"column":3}}},"2":{"name":"(anonymous_2)","decl":{"start":{"line":28,"column":2},"end":{"line":28,"column":7}},"loc":{"start":{"line":28,"column":60},"end":{"line":39,"column":3}}},"3":{"name":"(anonymous_3)","decl":{"start":{"line":44,"column":10},"end":{"line":44,"column":30}},"loc":{"start":{"line":44,"column":58},"end":{"line":84,"column":3}}},"4":{"name":"(anonymous_4)","decl":{"start":{"line":51,"column":11},"end":{"line":51,"column":12}},"loc":{"start":{"line":51,"column":39},"end":{"line":83,"column":5}}},"5":{"name":"(anonymous_5)","decl":{"start":{"line":89,"column":2},"end":{"line":89,"column":7}},"loc":{"start":{"line":89,"column":27},"end":{"line":91,"column":3}}},"6":{"name":"(anonymous_6)","decl":{"start":{"line":96,"column":2},"end":{"line":96,"column":7}},"loc":{"start":{"line":96,"column":42},"end":{"line":99,"column":3}}},"7":{"name":"(anonymous_7)","decl":{"start":{"line":104,"column":2},"end":{"line":104,"column":7}},"loc":{"start":{"line":104,"column":54},"end":{"line":115,"column":3}}},"8":{"name":"(anonymous_8)","decl":{"start":{"line":120,"column":2},"end":{"line":120,"column":7}},"loc":{"start":{"line":120,"column":25},"end":{"line":128,"column":3}}},"9":{"name":"(anonymous_9)","decl":{"start":{"line":133,"column":2},"end":{"line":133,"column":7}},"loc":{"start":{"line":133,"column":42},"end":{"line":140,"column":3}}},"10":{"name":"(anonymous_10)","decl":{"start":{"line":145,"column":2},"end":{"line":145,"column":7}},"loc":{"start":{"line":147,"column":53},"end":{"line":185,"column":3}}},"11":{"name":"(anonymous_11)","decl":{"start":{"line":190,"column":10},"end":{"line":190,"column":21}},"loc":{"start":{"line":193,"column":42},"end":{"line":212,"column":3}}},"12":{"name":"(anonymous_12)","decl":{"start":{"line":195,"column":29},"end":{"line":195,"column":30}},"loc":{"start":{"line":195,"column":38},"end":{"line":211,"column":5}}},"13":{"name":"(anonymous_13)","decl":{"start":{"line":217,"column":2},"end":{"line":217,"column":7}},"loc":{"start":{"line":217,"column":13},"end":{"line":219,"column":3}}}},"branchMap":{"0":{"loc":{"start":{"line":30,"column":4},"end":{"line":32,"column":5}},"type":"if","locations":[{"start":{"line":30,"column":4},"end":{"line":32,"column":5}}]},"1":{"loc":{"start":{"line":30,"column":8},"end":{"line":30,"column":53}},"type":"binary-expr","locations":[{"start":{"line":30,"column":8},"end":{"line":30,"column":16}},{"start":{"line":30,"column":20},"end":{"line":30,"column":53}}]},"2":{"loc":{"start":{"line":47,"column":21},"end":{"line":47,"column":83}},"type":"cond-expr","locations":[{"start":{"line":47,"column":40},"end":{"line":47,"column":76}},{"start":{"line":47,"column":79},"end":{"line":47,"column":83}}]},"3":{"loc":{"start":{"line":48,"column":19},"end":{"line":48,"column":77}},"type":"cond-expr","locations":[{"start":{"line":48,"column":36},"end":{"line":48,"column":70}},{"start":{"line":48,"column":73},"end":{"line":48,"column":77}}]},"4":{"loc":{"start":{"line":53,"column":6},"end":{"line":55,"column":7}},"type":"if","locations":[{"start":{"line":53,"column":6},"end":{"line":55,"column":7}}]},"5":{"loc":{"start":{"line":53,"column":10},"end":{"line":53,"column":90}},"type":"binary-expr","locations":[{"start":{"line":53,"column":10},"end":{"line":53,"column":26}},{"start":{"line":53,"column":30},"end":{"line":53,"column":90}}]},"6":{"loc":{"start":{"line":58,"column":6},"end":{"line":60,"column":7}},"type":"if","locations":[{"start":{"line":58,"column":6},"end":{"line":60,"column":7}}]},"7":{"loc":{"start":{"line":58,"column":10},"end":{"line":58,"column":69}},"type":"binary-expr","locations":[{"start":{"line":58,"column":10},"end":{"line":58,"column":27}},{"start":{"line":58,"column":31},"end":{"line":58,"column":69}}]},"8":{"loc":{"start":{"line":63,"column":6},"end":{"line":65,"column":7}},"type":"if","locations":[{"start":{"line":63,"column":6},"end":{"line":65,"column":7}}]},"9":{"loc":{"start":{"line":63,"column":10},"end":{"line":63,"column":54}},"type":"binary-expr","locations":[{"start":{"line":63,"column":10},"end":{"line":63,"column":22}},{"start":{"line":63,"column":26},"end":{"line":63,"column":54}}]},"10":{"loc":{"start":{"line":68,"column":6},"end":{"line":73,"column":7}},"type":"if","locations":[{"start":{"line":68,"column":6},"end":{"line":73,"column":7}}]},"11":{"loc":{"start":{"line":70,"column":8},"end":{"line":72,"column":9}},"type":"if","locations":[{"start":{"line":70,"column":8},"end":{"line":72,"column":9}}]},"12":{"loc":{"start":{"line":75,"column":6},"end":{"line":80,"column":7}},"type":"if","locations":[{"start":{"line":75,"column":6},"end":{"line":80,"column":7}}]},"13":{"loc":{"start":{"line":77,"column":8},"end":{"line":79,"column":9}},"type":"if","locations":[{"start":{"line":77,"column":8},"end":{"line":79,"column":9}}]},"14":{"loc":{"start":{"line":107,"column":4},"end":{"line":109,"column":5}},"type":"if","locations":[{"start":{"line":107,"column":4},"end":{"line":109,"column":5}}]},"15":{"loc":{"start":{"line":123,"column":4},"end":{"line":125,"column":5}},"type":"if","locations":[{"start":{"line":123,"column":4},"end":{"line":125,"column":5}}]},"16":{"loc":{"start":{"line":134,"column":4},"end":{"line":136,"column":5}},"type":"if","locations":[{"start":{"line":134,"column":4},"end":{"line":136,"column":5}}]},"17":{"loc":{"start":{"line":134,"column":8},"end":{"line":134,"column":53}},"type":"binary-expr","locations":[{"start":{"line":134,"column":8},"end":{"line":134,"column":16}},{"start":{"line":134,"column":20},"end":{"line":134,"column":53}}]},"18":{"loc":{"start":{"line":147,"column":4},"end":{"line":147,"column":53}},"type":"default-arg","locations":[{"start":{"line":147,"column":29},"end":{"line":147,"column":53}}]},"19":{"loc":{"start":{"line":149,"column":12},"end":{"line":149,"column":22}},"type":"default-arg","locations":[{"start":{"line":149,"column":20},"end":{"line":149,"column":22}}]},"20":{"loc":{"start":{"line":149,"column":24},"end":{"line":149,"column":34}},"type":"default-arg","locations":[{"start":{"line":149,"column":33},"end":{"line":149,"column":34}}]},"21":{"loc":{"start":{"line":149,"column":36},"end":{"line":149,"column":51}},"type":"default-arg","locations":[{"start":{"line":149,"column":45},"end":{"line":149,"column":51}}]},"22":{"loc":{"start":{"line":149,"column":53},"end":{"line":149,"column":75}},"type":"default-arg","locations":[{"start":{"line":149,"column":69},"end":{"line":149,"column":75}}]},"23":{"loc":{"start":{"line":155,"column":4},"end":{"line":163,"column":5}},"type":"if","locations":[{"start":{"line":155,"column":4},"end":{"line":163,"column":5}}]},"24":{"loc":{"start":{"line":192,"column":4},"end":{"line":192,"column":27}},"type":"default-arg","locations":[{"start":{"line":192,"column":21},"end":{"line":192,"column":27}}]},"25":{"loc":{"start":{"line":193,"column":4},"end":{"line":193,"column":42}},"type":"default-arg","locations":[{"start":{"line":193,"column":36},"end":{"line":193,"column":42}}]},"26":{"loc":{"start":{"line":200,"column":6},"end":{"line":203,"column":7}},"type":"if","locations":[{"start":{"line":200,"column":6},"end":{"line":203,"column":7}}]},"27":{"loc":{"start":{"line":200,"column":10},"end":{"line":200,"column":79}},"type":"binary-expr","locations":[{"start":{"line":200,"column":10},"end":{"line":200,"column":27}},{"start":{"line":200,"column":31},"end":{"line":200,"column":53}},{"start":{"line":200,"column":57},"end":{"line":200,"column":79}}]},"28":{"loc":{"start":{"line":206,"column":6},"end":{"line":210,"column":7}},"type":"if","locations":[{"start":{"line":206,"column":6},"end":{"line":210,"column":7}},{"start":{"line":208,"column":13},"end":{"line":210,"column":7}}]},"29":{"loc":{"start":{"line":207,"column":15},"end":{"line":207,"column":61}},"type":"cond-expr","locations":[{"start":{"line":207,"column":33},"end":{"line":207,"column":34}},{"start":{"line":207,"column":37},"end":{"line":207,"column":61}}]},"30":{"loc":{"start":{"line":207,"column":37},"end":{"line":207,"column":61}},"type":"cond-expr","locations":[{"start":{"line":207,"column":55},"end":{"line":207,"column":57}},{"start":{"line":207,"column":60},"end":{"line":207,"column":61}}]},"31":{"loc":{"start":{"line":209,"column":15},"end":{"line":209,"column":61}},"type":"cond-expr","locations":[{"start":{"line":209,"column":33},"end":{"line":209,"column":34}},{"start":{"line":209,"column":37},"end":{"line":209,"column":61}}]},"32":{"loc":{"start":{"line":209,"column":37},"end":{"line":209,"column":61}},"type":"cond-expr","locations":[{"start":{"line":209,"column":55},"end":{"line":209,"column":57}},{"start":{"line":209,"column":60},"end":{"line":209,"column":61}}]}},"s":{"0":2,"1":2,"2":2,"3":21,"4":0,"5":10,"6":4,"7":6,"8":6,"9":8,"10":8,"11":8,"12":8,"13":40,"14":15,"15":25,"16":3,"17":22,"18":5,"19":17,"20":5,"21":5,"22":2,"23":15,"24":3,"25":3,"26":0,"27":15,"28":8,"29":1,"30":1,"31":2,"32":2,"33":1,"34":1,"35":1,"36":1,"37":2,"38":2,"39":1,"40":1,"41":6,"42":4,"43":2,"44":2,"45":4,"46":4,"47":4,"48":0,"49":4,"50":4,"51":4,"52":4,"53":4,"54":4,"55":4,"56":16,"57":16,"58":16,"59":9,"60":9,"61":16,"62":7,"63":9,"64":0,"65":2,"66":2},"f":{"0":21,"1":0,"2":10,"3":8,"4":40,"5":8,"6":1,"7":2,"8":2,"9":6,"10":4,"11":4,"12":16,"13":0},"b":{"0":[4],"1":[10,9],"2":[1,7],"3":[1,7],"4":[15],"5":[40,25],"6":[3],"7":[25,5],"8":[5],"9":[22,7],"10":[5],"11":[2],"12":[3],"13":[0],"14":[1],"15":[1],"16":[4],"17":[6,5],"18":[0],"19":[0],"20":[0],"21":[3],"22":[3],"23":[0],"24":[0],"25":[0],"26":[9],"27":[16,7,7],"28":[7,9],"29":[3,4],"30":[3,1],"31":[9,0],"32":[0,0]}}
,"/Users/arindamkulshi/patient_portal/backend/src/routes/index.ts": {"path":"/Users/arindamkulshi/patient_portal/backend/src/routes/index.ts","statementMap":{"0":{"start":{"line":1,"column":0},"end":{"line":1,"column":33}},"1":{"start":{"line":2,"column":0},"end":{"line":2,"column":43}},"2":{"start":{"line":4,"column":15},"end":{"line":4,"column":23}},"3":{"start":{"line":7,"column":15},"end":{"line":7,"column":20}},"4":{"start":{"line":10,"column":0},"end":{"line":10,"column":46}},"5":{"start":{"line":13,"column":0},"end":{"line":21,"column":3}},"6":{"start":{"line":14,"column":2},"end":{"line":20,"column":5}},"7":{"start":{"line":23,"column":0},"end":{"line":23,"column":22}}},"fnMap":{"0":{"name":"(anonymous_1)","decl":{"start":{"line":13,"column":16},"end":{"line":13,"column":17}},"loc":{"start":{"line":13,"column":29},"end":{"line":21,"column":1}}}},"branchMap":{},"s":{"0":0,"1":0,"2":0,"3":0,"4":0,"5":0,"6":0,"7":0},"f":{"0":0},"b":{}}
,"/Users/arindamkulshi/patient_portal/backend/src/routes/report.routes.ts": {"path":"/Users/arindamkulshi/patient_portal/backend/src/routes/report.routes.ts","statementMap":{"0":{"start":{"line":2,"column":0},"end":{"line":2,"column":33}},"1":{"start":{"line":3,"column":0},"end":{"line":3,"column":69}},"2":{"start":{"line":4,"column":0},"end":{"line":4,"column":70}},"3":{"start":{"line":5,"column":0},"end":{"line":5,"column":65}},"4":{"start":{"line":6,"column":0},"end":{"line":6,"column":49}},"5":{"start":{"line":8,"column":15},"end":{"line":8,"column":23}},"6":{"start":{"line":15,"column":0},"end":{"line":42,"column":2}},"7":{"start":{"line":29,"column":25},"end":{"line":29,"column":62}},"8":{"start":{"line":37,"column":25},"end":{"line":37,"column":62}},"9":{"start":{"line":49,"column":0},"end":{"line":61,"column":2}},"10":{"start":{"line":68,"column":0},"end":{"line":96,"column":2}},"11":{"start":{"line":103,"column":0},"end":{"line":114,"column":2}},"12":{"start":{"line":121,"column":0},"end":{"line":132,"column":2}},"13":{"start":{"line":134,"column":0},"end":{"line":134,"column":22}}},"fnMap":{"0":{"name":"(anonymous_10)","decl":{"start":{"line":29,"column":14},"end":{"line":29,"column":15}},"loc":{"start":{"line":29,"column":25},"end":{"line":29,"column":62}}},"1":{"name":"(anonymous_11)","decl":{"start":{"line":37,"column":14},"end":{"line":37,"column":15}},"loc":{"start":{"line":37,"column":25},"end":{"line":37,"column":62}}}},"branchMap":{"0":{"loc":{"start":{"line":29,"column":25},"end":{"line":29,"column":62}},"type":"binary-expr","locations":[{"start":{"line":29,"column":25},"end":{"line":29,"column":31}},{"start":{"line":29,"column":35},"end":{"line":29,"column":62}}]},"1":{"loc":{"start":{"line":37,"column":25},"end":{"line":37,"column":62}},"type":"binary-expr","locations":[{"start":{"line":37,"column":25},"end":{"line":37,"column":31}},{"start":{"line":37,"column":35},"end":{"line":37,"column":62}}]}},"s":{"0":0,"1":0,"2":0,"3":0,"4":0,"5":0,"6":0,"7":0,"8":0,"9":0,"10":0,"11":0,"12":0,"13":0},"f":{"0":0,"1":0},"b":{"0":[0,0],"1":[0,0]}}
,"/Users/arindamkulshi/patient_portal/backend/src/services/report.service.ts": {"path":"/Users/arindamkulshi/patient_portal/backend/src/services/report.service.ts","statementMap":{"0":{"start":{"line":3,"column":0},"end":{"line":3,"column":87}},"1":{"start":{"line":5,"column":0},"end":{"line":5,"column":58}},"2":{"start":{"line":14,"column":4},"end":{"line":14,"column":33}},"3":{"start":{"line":21,"column":4},"end":{"line":21,"column":39}},"4":{"start":{"line":31,"column":4},"end":{"line":31,"column":69}},"5":{"start":{"line":38,"column":19},"end":{"line":38,"column":53}},"6":{"start":{"line":40,"column":4},"end":{"line":42,"column":5}},"7":{"start":{"line":41,"column":6},"end":{"line":41,"column":84}},"8":{"start":{"line":44,"column":4},"end":{"line":44,"column":18}},"9":{"start":{"line":52,"column":4},"end":{"line":52,"column":40}},"10":{"start":{"line":55,"column":4},"end":{"line":57,"column":5}},"11":{"start":{"line":56,"column":6},"end":{"line":56,"column":49}},"12":{"start":{"line":59,"column":4},"end":{"line":59,"column":46}},"13":{"start":{"line":67,"column":4},"end":{"line":67,"column":33}},"14":{"start":{"line":70,"column":26},"end":{"line":70,"column":70}},"15":{"start":{"line":72,"column":4},"end":{"line":74,"column":5}},"16":{"start":{"line":73,"column":6},"end":{"line":73,"column":88}},"17":{"start":{"line":76,"column":4},"end":{"line":76,"column":25}},"18":{"start":{"line":84,"column":4},"end":{"line":84,"column":33}},"19":{"start":{"line":87,"column":20},"end":{"line":87,"column":52}},"20":{"start":{"line":89,"column":4},"end":{"line":91,"column":5}},"21":{"start":{"line":90,"column":6},"end":{"line":90,"column":88}},"22":{"start":{"line":98,"column":4},"end":{"line":98,"column":53}},"23":{"start":{"line":105,"column":23},"end":{"line":105,"column":54}},"24":{"start":{"line":108,"column":26},"end":{"line":108,"column":55}},"25":{"start":{"line":110,"column":25},"end":{"line":113,"column":null}},"26":{"start":{"line":111,"column":6},"end":{"line":112,"column":null}},"27":{"start":{"line":112,"column":8},"end":{"line":112,"column":68}},"28":{"start":{"line":116,"column":4},"end":{"line":116,"column":24}},"29":{"start":{"line":123,"column":4},"end":{"line":125,"column":5}},"30":{"start":{"line":124,"column":6},"end":{"line":124,"column":78}},"31":{"start":{"line":127,"column":4},"end":{"line":129,"column":5}},"32":{"start":{"line":128,"column":6},"end":{"line":128,"column":80}},"33":{"start":{"line":131,"column":4},"end":{"line":133,"column":5}},"34":{"start":{"line":132,"column":6},"end":{"line":132,"column":34}},"35":{"start":{"line":10,"column":0},"end":{"line":10,"column":13}},"36":{"start":{"line":138,"column":13},"end":{"line":138,"column":49}}},"fnMap":{"0":{"name":"(anonymous_0)","decl":{"start":{"line":13,"column":2},"end":{"line":13,"column":14}},"loc":{"start":{"line":13,"column":61},"end":{"line":15,"column":3}}},"1":{"name":"(anonymous_1)","decl":{"start":{"line":20,"column":2},"end":{"line":20,"column":7}},"loc":{"start":{"line":20,"column":18},"end":{"line":22,"column":3}}},"2":{"name":"(anonymous_2)","decl":{"start":{"line":27,"column":2},"end":{"line":27,"column":7}},"loc":{"start":{"line":29,"column":27},"end":{"line":32,"column":3}}},"3":{"name":"(anonymous_3)","decl":{"start":{"line":37,"column":2},"end":{"line":37,"column":7}},"loc":{"start":{"line":37,"column":32},"end":{"line":45,"column":3}}},"4":{"name":"(anonymous_4)","decl":{"start":{"line":50,"column":2},"end":{"line":50,"column":7}},"loc":{"start":{"line":50,"column":48},"end":{"line":60,"column":3}}},"5":{"name":"(anonymous_5)","decl":{"start":{"line":65,"column":2},"end":{"line":65,"column":7}},"loc":{"start":{"line":65,"column":60},"end":{"line":77,"column":3}}},"6":{"name":"(anonymous_6)","decl":{"start":{"line":82,"column":2},"end":{"line":82,"column":7}},"loc":{"start":{"line":82,"column":31},"end":{"line":92,"column":3}}},"7":{"name":"(anonymous_7)","decl":{"start":{"line":97,"column":2},"end":{"line":97,"column":7}},"loc":{"start":{"line":97,"column":70},"end":{"line":99,"column":3}}},"8":{"name":"(anonymous_8)","decl":{"start":{"line":104,"column":2},"end":{"line":104,"column":7}},"loc":{"start":{"line":104,"column":59},"end":{"line":117,"column":3}}},"9":{"name":"(anonymous_9)","decl":{"start":{"line":110,"column":43},"end":{"line":110,"column":49}},"loc":{"start":{"line":111,"column":6},"end":{"line":112,"column":null}}},"10":{"name":"(anonymous_10)","decl":{"start":{"line":111,"column":25},"end":{"line":111,"column":32}},"loc":{"start":{"line":112,"column":8},"end":{"line":112,"column":68}}},"11":{"name":"(anonymous_11)","decl":{"start":{"line":122,"column":10},"end":{"line":122,"column":28}},"loc":{"start":{"line":122,"column":56},"end":{"line":134,"column":3}}}},"branchMap":{"0":{"loc":{"start":{"line":13,"column":14},"end":{"line":13,"column":61}},"type":"default-arg","locations":[{"start":{"line":13,"column":45},"end":{"line":13,"column":61}}]},"1":{"loc":{"start":{"line":40,"column":4},"end":{"line":42,"column":5}},"type":"if","locations":[{"start":{"line":40,"column":4},"end":{"line":42,"column":5}}]},"2":{"loc":{"start":{"line":55,"column":4},"end":{"line":57,"column":5}},"type":"if","locations":[{"start":{"line":55,"column":4},"end":{"line":57,"column":5}}]},"3":{"loc":{"start":{"line":72,"column":4},"end":{"line":74,"column":5}},"type":"if","locations":[{"start":{"line":72,"column":4},"end":{"line":74,"column":5}}]},"4":{"loc":{"start":{"line":89,"column":4},"end":{"line":91,"column":5}},"type":"if","locations":[{"start":{"line":89,"column":4},"end":{"line":91,"column":5}}]},"5":{"loc":{"start":{"line":123,"column":4},"end":{"line":125,"column":5}},"type":"if","locations":[{"start":{"line":123,"column":4},"end":{"line":125,"column":5}}]},"6":{"loc":{"start":{"line":127,"column":4},"end":{"line":129,"column":5}},"type":"if","locations":[{"start":{"line":127,"column":4},"end":{"line":129,"column":5}}]},"7":{"loc":{"start":{"line":131,"column":4},"end":{"line":133,"column":5}},"type":"if","locations":[{"start":{"line":131,"column":4},"end":{"line":133,"column":5}}]}},"s":{"0":1,"1":1,"2":16,"3":1,"4":2,"5":8,"6":8,"7":3,"8":5,"9":3,"10":2,"11":2,"12":2,"13":3,"14":2,"15":2,"16":1,"17":1,"18":3,"19":2,"20":2,"21":1,"22":1,"23":1,"24":1,"25":1,"26":5,"27":9,"28":1,"29":3,"30":1,"31":2,"32":0,"33":2,"34":2,"35":1,"36":1},"f":{"0":16,"1":1,"2":2,"3":8,"4":3,"5":3,"6":3,"7":1,"8":1,"9":5,"10":9,"11":3},"b":{"0":[1],"1":[3],"2":[2],"3":[1],"4":[1],"5":[1],"6":[0],"7":[2]}}
,"/Users/arindamkulshi/patient_portal/backend/src/storage/in-memory.storage.ts": {"path":"/Users/arindamkulshi/patient_portal/backend/src/storage/in-memory.storage.ts","statementMap":{"0":{"start":{"line":1,"column":0},"end":{"line":1,"column":29}},"1":{"start":{"line":2,"column":0},"end":{"line":2,"column":24}},"2":{"start":{"line":4,"column":0},"end":{"line":4,"column":43}},"3":{"start":{"line":12,"column":10},"end":{"line":12,"column":56}},"4":{"start":{"line":13,"column":10},"end":{"line":13,"column":30}},"5":{"start":{"line":19,"column":4},"end":{"line":19,"column":37}},"6":{"start":{"line":22,"column":25},"end":{"line":22,"column":88}},"7":{"start":{"line":23,"column":4},"end":{"line":25,"column":5}},"8":{"start":{"line":24,"column":6},"end":{"line":24,"column":74}},"9":{"start":{"line":27,"column":4},"end":{"line":27,"column":79}},"10":{"start":{"line":30,"column":4},"end":{"line":34,"column":5}},"11":{"start":{"line":31,"column":6},"end":{"line":33,"column":43}},"12":{"start":{"line":32,"column":8},"end":{"line":32,"column":29}},"13":{"start":{"line":41,"column":4},"end":{"line":57,"column":5}},"14":{"start":{"line":42,"column":23},"end":{"line":42,"column":64}},"15":{"start":{"line":43,"column":25},"end":{"line":43,"column":45}},"16":{"start":{"line":46,"column":6},"end":{"line":46,"column":24}},"17":{"start":{"line":47,"column":6},"end":{"line":49,"column":9}},"18":{"start":{"line":48,"column":8},"end":{"line":48,"column":37}},"19":{"start":{"line":51,"column":6},"end":{"line":51,"column":74}},"20":{"start":{"line":54,"column":6},"end":{"line":56,"column":7}},"21":{"start":{"line":55,"column":8},"end":{"line":55,"column":74}},"22":{"start":{"line":64,"column":4},"end":{"line":66,"column":5}},"23":{"start":{"line":65,"column":6},"end":{"line":65,"column":13}},"24":{"start":{"line":68,"column":4},"end":{"line":80,"column":5}},"25":{"start":{"line":70,"column":6},"end":{"line":70,"column":71}},"26":{"start":{"line":73,"column":24},"end":{"line":73,"column":54}},"27":{"start":{"line":74,"column":6},"end":{"line":74,"column":76}},"28":{"start":{"line":76,"column":6},"end":{"line":76,"column":31}},"29":{"start":{"line":77,"column":6},"end":{"line":77,"column":77}},"30":{"start":{"line":79,"column":6},"end":{"line":79,"column":73}},"31":{"start":{"line":87,"column":4},"end":{"line":90,"column":5}},"32":{"start":{"line":88,"column":6},"end":{"line":88,"column":42}},"33":{"start":{"line":89,"column":6},"end":{"line":89,"column":34}},"34":{"start":{"line":93,"column":4},"end":{"line":93,"column":31}},"35":{"start":{"line":100,"column":4},"end":{"line":100,"column":42}},"36":{"start":{"line":107,"column":4},"end":{"line":107,"column":37}},"37":{"start":{"line":114,"column":4},"end":{"line":114,"column":33}},"38":{"start":{"line":115,"column":4},"end":{"line":115,"column":28}},"39":{"start":{"line":116,"column":4},"end":{"line":116,"column":16}},"40":{"start":{"line":123,"column":25},"end":{"line":123,"column":42}},"41":{"start":{"line":125,"column":4},"end":{"line":127,"column":5}},"42":{"start":{"line":126,"column":6},"end":{"line":126,"column":18}},"43":{"start":{"line":129,"column":24},"end":{"line":129,"column":57}},"44":{"start":{"line":130,"column":4},"end":{"line":130,"column":35}},"45":{"start":{"line":131,"column":4},"end":{"line":131,"column":28}},"46":{"start":{"line":133,"column":4},"end":{"line":133,"column":23}},"47":{"start":{"line":140,"column":19},"end":{"line":140,"column":39}},"48":{"start":{"line":141,"column":4},"end":{"line":143,"column":5}},"49":{"start":{"line":142,"column":6},"end":{"line":142,"column":30}},"50":{"start":{"line":144,"column":4},"end":{"line":144,"column":18}},"51":{"start":{"line":151,"column":21},"end":{"line":151,"column":51}},"52":{"start":{"line":152,"column":4},"end":{"line":152,"column":38}},"53":{"start":{"line":159,"column":4},"end":{"line":161,"column":5}},"54":{"start":{"line":160,"column":6},"end":{"line":160,"column":28}},"55":{"start":{"line":163,"column":21},"end":{"line":163,"column":51}},"56":{"start":{"line":164,"column":4},"end":{"line":164,"column":45}},"57":{"start":{"line":9,"column":0},"end":{"line":9,"column":13}}},"fnMap":{"0":{"name":"(anonymous_1)","decl":{"start":{"line":18,"column":2},"end":{"line":18,"column":14}},"loc":{"start":{"line":18,"column":32},"end":{"line":35,"column":3}}},"1":{"name":"(anonymous_2)","decl":{"start":{"line":31,"column":41},"end":{"line":31,"column":44}},"loc":{"start":{"line":31,"column":46},"end":{"line":33,"column":7}}},"2":{"name":"(anonymous_3)","decl":{"start":{"line":40,"column":2},"end":{"line":40,"column":7}},"loc":{"start":{"line":40,"column":18},"end":{"line":58,"column":3}}},"3":{"name":"(anonymous_4)","decl":{"start":{"line":47,"column":20},"end":{"line":47,"column":24}},"loc":{"start":{"line":47,"column":27},"end":{"line":49,"column":7}}},"4":{"name":"(anonymous_5)","decl":{"start":{"line":63,"column":2},"end":{"line":63,"column":7}},"loc":{"start":{"line":63,"column":21},"end":{"line":81,"column":3}}},"5":{"name":"(anonymous_6)","decl":{"start":{"line":86,"column":2},"end":{"line":86,"column":7}},"loc":{"start":{"line":86,"column":13},"end":{"line":94,"column":3}}},"6":{"name":"(anonymous_7)","decl":{"start":{"line":99,"column":2},"end":{"line":99,"column":7}},"loc":{"start":{"line":99,"column":14},"end":{"line":101,"column":3}}},"7":{"name":"(anonymous_8)","decl":{"start":{"line":106,"column":2},"end":{"line":106,"column":7}},"loc":{"start":{"line":106,"column":26},"end":{"line":108,"column":3}}},"8":{"name":"(anonymous_9)","decl":{"start":{"line":113,"column":2},"end":{"line":113,"column":7}},"loc":{"start":{"line":113,"column":22},"end":{"line":117,"column":3}}},"9":{"name":"(anonymous_10)","decl":{"start":{"line":122,"column":2},"end":{"line":122,"column":7}},"loc":{"start":{"line":122,"column":43},"end":{"line":134,"column":3}}},"10":{"name":"(anonymous_11)","decl":{"start":{"line":139,"column":2},"end":{"line":139,"column":7}},"loc":{"start":{"line":139,"column":25},"end":{"line":145,"column":3}}},"11":{"name":"(anonymous_12)","decl":{"start":{"line":150,"column":2},"end":{"line":150,"column":7}},"loc":{"start":{"line":150,"column":45},"end":{"line":153,"column":3}}},"12":{"name":"(anonymous_13)","decl":{"start":{"line":158,"column":2},"end":{"line":158,"column":7}},"loc":{"start":{"line":158,"column":46},"end":{"line":165,"column":3}}}},"branchMap":{"0":{"loc":{"start":{"line":23,"column":4},"end":{"line":25,"column":5}},"type":"if","locations":[{"start":{"line":23,"column":4},"end":{"line":25,"column":5}}]},"1":{"loc":{"start":{"line":30,"column":4},"end":{"line":34,"column":5}},"type":"if","locations":[{"start":{"line":30,"column":4},"end":{"line":34,"column":5}}]},"2":{"loc":{"start":{"line":54,"column":6},"end":{"line":56,"column":7}},"type":"if","locations":[{"start":{"line":54,"column":6},"end":{"line":56,"column":7}}]},"3":{"loc":{"start":{"line":64,"column":4},"end":{"line":66,"column":5}},"type":"if","locations":[{"start":{"line":64,"column":4},"end":{"line":66,"column":5}}]},"4":{"loc":{"start":{"line":64,"column":8},"end":{"line":64,"column":65}},"type":"binary-expr","locations":[{"start":{"line":64,"column":8},"end":{"line":64,"column":44}},{"start":{"line":64,"column":48},"end":{"line":64,"column":65}}]},"5":{"loc":{"start":{"line":87,"column":4},"end":{"line":90,"column":5}},"type":"if","locations":[{"start":{"line":87,"column":4},"end":{"line":90,"column":5}}]},"6":{"loc":{"start":{"line":107,"column":11},"end":{"line":107,"column":36}},"type":"binary-expr","locations":[{"start":{"line":107,"column":11},"end":{"line":107,"column":28}},{"start":{"line":107,"column":32},"end":{"line":107,"column":36}}]},"7":{"loc":{"start":{"line":125,"column":4},"end":{"line":127,"column":5}},"type":"if","locations":[{"start":{"line":125,"column":4},"end":{"line":127,"column":5}}]},"8":{"loc":{"start":{"line":141,"column":4},"end":{"line":143,"column":5}},"type":"if","locations":[{"start":{"line":141,"column":4},"end":{"line":143,"column":5}}]},"9":{"loc":{"start":{"line":159,"column":4},"end":{"line":161,"column":5}},"type":"if","locations":[{"start":{"line":159,"column":4},"end":{"line":161,"column":5}}]}},"s":{"0":1,"1":1,"2":1,"3":1,"4":1,"5":1,"6":1,"7":1,"8":0,"9":1,"10":1,"11":1,"12":0,"13":0,"14":0,"15":0,"16":0,"17":0,"18":0,"19":0,"20":0,"21":0,"22":0,"23":0,"24":0,"25":0,"26":0,"27":0,"28":0,"29":0,"30":0,"31":0,"32":0,"33":0,"34":0,"35":0,"36":0,"37":0,"38":0,"39":0,"40":0,"41":0,"42":0,"43":0,"44":0,"45":0,"46":0,"47":0,"48":0,"49":0,"50":0,"51":0,"52":0,"53":0,"54":0,"55":0,"56":0,"57":1},"f":{"0":1,"1":0,"2":0,"3":0,"4":0,"5":0,"6":0,"7":0,"8":0,"9":0,"10":0,"11":0,"12":0},"b":{"0":[0],"1":[1],"2":[0],"3":[0],"4":[0,0],"5":[0],"6":[0,0],"7":[0],"8":[0],"9":[0]}}
,"/Users/arindamkulshi/patient_portal/backend/src/utils/param-sanitizer.ts": {"path":"/Users/arindamkulshi/patient_portal/backend/src/utils/param-sanitizer.ts","statementMap":{"0":{"start":{"line":5,"column":0},"end":{"line":5,"column":58}},"1":{"start":{"line":10,"column":36},"end":{"line":60,"column":1}},"2":{"start":{"line":11,"column":43},"end":{"line":17,"column":4}},"3":{"start":{"line":20,"column":2},"end":{"line":27,"column":5}},"4":{"start":{"line":21,"column":4},"end":{"line":26,"column":5}},"5":{"start":{"line":25,"column":6},"end":{"line":25,"column":59}},"6":{"start":{"line":30,"column":2},"end":{"line":32,"column":3}},"7":{"start":{"line":31,"column":4},"end":{"line":31,"column":72}},"8":{"start":{"line":34,"column":2},"end":{"line":36,"column":3}},"9":{"start":{"line":35,"column":4},"end":{"line":35,"column":68}},"10":{"start":{"line":38,"column":2},"end":{"line":40,"column":3}},"11":{"start":{"line":39,"column":4},"end":{"line":39,"column":58}},"12":{"start":{"line":43,"column":2},"end":{"line":49,"column":3}},"13":{"start":{"line":44,"column":4},"end":{"line":48,"column":6}},"14":{"start":{"line":51,"column":2},"end":{"line":57,"column":3}},"15":{"start":{"line":52,"column":4},"end":{"line":56,"column":6}},"16":{"start":{"line":59,"column":2},"end":{"line":59,"column":22}},"17":{"start":{"line":10,"column":13},"end":{"line":10,"column":36}},"18":{"start":{"line":65,"column":40},"end":{"line":93,"column":1}},"19":{"start":{"line":66,"column":19},"end":{"line":66,"column":56}},"20":{"start":{"line":67,"column":20},"end":{"line":67,"column":58}},"21":{"start":{"line":68,"column":20},"end":{"line":68,"column":58}},"22":{"start":{"line":69,"column":27},"end":{"line":69,"column":72}},"23":{"start":{"line":71,"column":16},"end":{"line":71,"column":68}},"24":{"start":{"line":72,"column":17},"end":{"line":72,"column":70}},"25":{"start":{"line":73,"column":17},"end":{"line":73,"column":36}},"26":{"start":{"line":74,"column":24},"end":{"line":74,"column":111}},"27":{"start":{"line":76,"column":2},"end":{"line":78,"column":3}},"28":{"start":{"line":77,"column":4},"end":{"line":77,"column":93}},"29":{"start":{"line":80,"column":2},"end":{"line":82,"column":3}},"30":{"start":{"line":81,"column":4},"end":{"line":81,"column":89}},"31":{"start":{"line":84,"column":28},"end":{"line":84,"column":85}},"32":{"start":{"line":85,"column":26},"end":{"line":85,"column":78}},"33":{"start":{"line":87,"column":2},"end":{"line":92,"column":4}},"34":{"start":{"line":65,"column":13},"end":{"line":65,"column":40}},"35":{"start":{"line":98,"column":30},"end":{"line":103,"column":1}},"36":{"start":{"line":100,"column":2},"end":{"line":102,"column":26}},"37":{"start":{"line":98,"column":13},"end":{"line":98,"column":30}},"38":{"start":{"line":108,"column":33},"end":{"line":122,"column":1}},"39":{"start":{"line":110,"column":23},"end":{"line":110,"column":73}},"40":{"start":{"line":111,"column":2},"end":{"line":113,"column":3}},"41":{"start":{"line":112,"column":4},"end":{"line":112,"column":42}},"42":{"start":{"line":116,"column":26},"end":{"line":116,"column":47}},"43":{"start":{"line":117,"column":2},"end":{"line":119,"column":3}},"44":{"start":{"line":118,"column":4},"end":{"line":118,"column":42}},"45":{"start":{"line":121,"column":2},"end":{"line":121,"column":15}},"46":{"start":{"line":108,"column":13},"end":{"line":108,"column":33}}},"fnMap":{"0":{"name":"(anonymous_0)","decl":{"start":{"line":10,"column":36},"end":{"line":10,"column":37}},"loc":{"start":{"line":10,"column":73},"end":{"line":60,"column":1}}},"1":{"name":"(anonymous_1)","decl":{"start":{"line":20,"column":36},"end":{"line":20,"column":39}},"loc":{"start":{"line":20,"column":42},"end":{"line":27,"column":3}}},"2":{"name":"(anonymous_2)","decl":{"start":{"line":65,"column":40},"end":{"line":65,"column":41}},"loc":{"start":{"line":65,"column":72},"end":{"line":93,"column":1}}},"3":{"name":"(anonymous_3)","decl":{"start":{"line":98,"column":30},"end":{"line":98,"column":31}},"loc":{"start":{"line":98,"column":56},"end":{"line":103,"column":1}}},"4":{"name":"(anonymous_4)","decl":{"start":{"line":108,"column":33},"end":{"line":108,"column":34}},"loc":{"start":{"line":108,"column":65},"end":{"line":122,"column":1}}}},"branchMap":{"0":{"loc":{"start":{"line":21,"column":4},"end":{"line":26,"column":5}},"type":"if","locations":[{"start":{"line":21,"column":4},"end":{"line":26,"column":5}}]},"1":{"loc":{"start":{"line":22,"column":6},"end":{"line":23,"column":58}},"type":"binary-expr","locations":[{"start":{"line":22,"column":6},"end":{"line":22,"column":65}},{"start":{"line":23,"column":6},"end":{"line":23,"column":58}}]},"2":{"loc":{"start":{"line":30,"column":2},"end":{"line":32,"column":3}},"type":"if","locations":[{"start":{"line":30,"column":2},"end":{"line":32,"column":3}}]},"3":{"loc":{"start":{"line":34,"column":2},"end":{"line":36,"column":3}},"type":"if","locations":[{"start":{"line":34,"column":2},"end":{"line":36,"column":3}}]},"4":{"loc":{"start":{"line":38,"column":2},"end":{"line":40,"column":3}},"type":"if","locations":[{"start":{"line":38,"column":2},"end":{"line":40,"column":3}}]},"5":{"loc":{"start":{"line":43,"column":2},"end":{"line":49,"column":3}},"type":"if","locations":[{"start":{"line":43,"column":2},"end":{"line":49,"column":3}}]},"6":{"loc":{"start":{"line":43,"column":6},"end":{"line":43,"column":72}},"type":"binary-expr","locations":[{"start":{"line":43,"column":6},"end":{"line":43,"column":27}},{"start":{"line":43,"column":31},"end":{"line":43,"column":72}}]},"7":{"loc":{"start":{"line":51,"column":2},"end":{"line":57,"column":3}},"type":"if","locations":[{"start":{"line":51,"column":2},"end":{"line":57,"column":3}}]},"8":{"loc":{"start":{"line":51,"column":6},"end":{"line":51,"column":68}},"type":"binary-expr","locations":[{"start":{"line":51,"column":6},"end":{"line":51,"column":25}},{"start":{"line":51,"column":29},"end":{"line":51,"column":68}}]},"9":{"loc":{"start":{"line":71,"column":16},"end":{"line":71,"column":68}},"type":"cond-expr","locations":[{"start":{"line":71,"column":41},"end":{"line":71,"column":63}},{"start":{"line":71,"column":66},"end":{"line":71,"column":68}}]},"10":{"loc":{"start":{"line":72,"column":17},"end":{"line":72,"column":70}},"type":"cond-expr","locations":[{"start":{"line":72,"column":43},"end":{"line":72,"column":66}},{"start":{"line":72,"column":69},"end":{"line":72,"column":70}}]},"11":{"loc":{"start":{"line":73,"column":17},"end":{"line":73,"column":36}},"type":"binary-expr","locations":[{"start":{"line":73,"column":17},"end":{"line":73,"column":26}},{"start":{"line":73,"column":30},"end":{"line":73,"column":36}}]},"12":{"loc":{"start":{"line":74,"column":24},"end":{"line":74,"column":111}},"type":"cond-expr","locations":[{"start":{"line":74,"column":86},"end":{"line":74,"column":102}},{"start":{"line":74,"column":105},"end":{"line":74,"column":111}}]},"13":{"loc":{"start":{"line":74,"column":25},"end":{"line":74,"column":82}},"type":"binary-expr","locations":[{"start":{"line":74,"column":25},"end":{"line":74,"column":51}},{"start":{"line":74,"column":55},"end":{"line":74,"column":82}}]},"14":{"loc":{"start":{"line":76,"column":2},"end":{"line":78,"column":3}},"type":"if","locations":[{"start":{"line":76,"column":2},"end":{"line":78,"column":3}}]},"15":{"loc":{"start":{"line":76,"column":6},"end":{"line":76,"column":46}},"type":"binary-expr","locations":[{"start":{"line":76,"column":6},"end":{"line":76,"column":18}},{"start":{"line":76,"column":22},"end":{"line":76,"column":31}},{"start":{"line":76,"column":35},"end":{"line":76,"column":46}}]},"16":{"loc":{"start":{"line":80,"column":2},"end":{"line":82,"column":3}},"type":"if","locations":[{"start":{"line":80,"column":2},"end":{"line":82,"column":3}}]},"17":{"loc":{"start":{"line":80,"column":6},"end":{"line":80,"column":33}},"type":"binary-expr","locations":[{"start":{"line":80,"column":6},"end":{"line":80,"column":19}},{"start":{"line":80,"column":23},"end":{"line":80,"column":33}}]},"18":{"loc":{"start":{"line":85,"column":26},"end":{"line":85,"column":78}},"type":"cond-expr","locations":[{"start":{"line":85,"column":63},"end":{"line":85,"column":69}},{"start":{"line":85,"column":72},"end":{"line":85,"column":78}}]},"19":{"loc":{"start":{"line":111,"column":2},"end":{"line":113,"column":3}},"type":"if","locations":[{"start":{"line":111,"column":2},"end":{"line":113,"column":3}}]},"20":{"loc":{"start":{"line":117,"column":2},"end":{"line":119,"column":3}},"type":"if","locations":[{"start":{"line":117,"column":2},"end":{"line":119,"column":3}}]}},"s":{"0":0,"1":0,"2":0,"3":0,"4":0,"5":0,"6":0,"7":0,"8":0,"9":0,"10":0,"11":0,"12":0,"13":0,"14":0,"15":0,"16":0,"17":0,"18":0,"19":0,"20":0,"21":0,"22":0,"23":0,"24":0,"25":0,"26":0,"27":0,"28":0,"29":0,"30":0,"31":0,"32":0,"33":0,"34":0,"35":0,"36":0,"37":0,"38":0,"39":0,"40":0,"41":0,"42":0,"43":0,"44":0,"45":0,"46":0},"f":{"0":0,"1":0,"2":0,"3":0,"4":0},"b":{"0":[0],"1":[0,0],"2":[0],"3":[0],"4":[0],"5":[0],"6":[0,0],"7":[0],"8":[0,0],"9":[0,0],"10":[0,0],"11":[0,0],"12":[0,0],"13":[0,0],"14":[0],"15":[0,0,0],"16":[0],"17":[0,0],"18":[0,0],"19":[0],"20":[0]}}
}
