TN:
SF:src/app.ts
FN:32,(anonymous_1)
FN:46,(anonymous_2)
FNF:2
FNH:0
FNDA:0,(anonymous_1)
FNDA:0,(anonymous_2)
DA:2,0
DA:3,0
DA:4,0
DA:5,0
DA:6,0
DA:7,0
DA:8,0
DA:9,0
DA:10,0
DA:11,0
DA:12,0
DA:15,0
DA:18,0
DA:19,0
DA:22,0
DA:23,0
DA:26,0
DA:27,0
DA:29,0
DA:32,0
DA:33,0
DA:41,0
DA:46,0
DA:47,0
DA:48,0
DA:51,0
DA:52,0
DA:55,0
DA:58,0
DA:60,0
DA:61,0
DA:63,0
DA:64,0
DA:69,0
DA:72,0
DA:73,0
DA:75,0
LF:37
LH:0
BRDA:26,0,0,0
BRDA:47,1,0,0
BRF:2
BRH:0
end_of_record
TN:
SF:src/config/cache.config.ts
FNF:0
FNH:0
DA:1,0
DA:20,0
LF:2
LH:0
BRDA:3,0,0,0
BRDA:3,0,1,0
BRF:2
BRH:0
end_of_record
TN:
SF:src/config/db.config.ts
FNF:0
FNH:0
DA:1,1
DA:7,1
DA:33,1
LF:3
LH:3
BRDA:11,0,0,1
BRDA:11,0,1,1
BRDA:19,1,0,1
BRDA:19,1,1,1
BRDA:20,2,0,1
BRDA:20,2,1,1
BRDA:21,3,0,1
BRDA:21,3,1,1
BRF:8
BRH:8
end_of_record
TN:
SF:src/config/server.config.ts
FNF:0
FNH:0
DA:2,0
DA:5,0
DA:7,0
DA:26,0
LF:4
LH:0
BRDA:8,0,0,0
BRDA:8,0,1,0
BRDA:9,1,0,0
BRDA:9,1,1,0
BRDA:10,2,0,0
BRDA:10,2,1,0
BRDA:14,3,0,0
BRDA:14,3,1,0
BRF:8
BRH:0
end_of_record
TN:
SF:src/controllers/report.controller.ts
FN:12,(anonymous_0)
FN:42,(anonymous_1)
FN:67,(anonymous_2)
FN:95,(anonymous_3)
FN:129,(anonymous_4)
FNF:5
FNH:0
FNDA:0,(anonymous_0)
FNDA:0,(anonymous_1)
FNDA:0,(anonymous_2)
FNDA:0,(anonymous_3)
FNDA:0,(anonymous_4)
DA:3,0
DA:4,0
DA:5,0
DA:6,0
DA:12,0
DA:17,0
DA:19,0
DA:22,0
DA:25,0
DA:26,0
DA:29,0
DA:32,0
DA:34,0
DA:42,0
DA:47,0
DA:48,0
DA:50,0
DA:51,0
DA:54,0
DA:57,0
DA:59,0
DA:67,0
DA:72,0
DA:73,0
DA:76,0
DA:79,0
DA:82,0
DA:87,0
DA:95,0
DA:100,0
DA:101,0
DA:102,0
DA:104,0
DA:105,0
DA:109,0
DA:112,0
DA:113,0
DA:116,0
DA:121,0
DA:129,0
DA:134,0
DA:135,0
DA:137,0
DA:138,0
DA:142,0
DA:145,0
DA:146,0
DA:149,0
DA:151,0
LF:49
LH:0
BRDA:50,0,0,0
BRDA:104,1,0,0
BRDA:137,2,0,0
BRF:3
BRH:0
end_of_record
TN:
SF:src/middleware/cache.middleware.ts
FN:17,(anonymous_1)
FN:34,(anonymous_2)
FN:35,(anonymous_3)
FN:58,(anonymous_4)
FN:77,(anonymous_5)
FN:81,(anonymous_6)
FN:95,(anonymous_7)
FN:103,(anonymous_8)
FN:114,(anonymous_9)
FNF:9
FNH:0
FNDA:0,(anonymous_1)
FNDA:0,(anonymous_2)
FNDA:0,(anonymous_3)
FNDA:0,(anonymous_4)
FNDA:0,(anonymous_5)
FNDA:0,(anonymous_6)
FNDA:0,(anonymous_7)
FNDA:0,(anonymous_8)
FNDA:0,(anonymous_9)
DA:3,0
DA:4,0
DA:7,0
DA:17,0
DA:19,0
DA:22,0
DA:23,0
DA:24,0
DA:27,0
DA:34,0
DA:35,0
DA:37,0
DA:38,0
DA:41,0
DA:44,0
DA:46,0
DA:47,0
DA:48,0
DA:52,0
DA:55,0
DA:58,0
DA:60,0
DA:61,0
DA:62,0
DA:66,0
DA:69,0
DA:77,0
DA:78,0
DA:79,0
DA:81,0
DA:82,0
DA:83,0
DA:84,0
DA:88,0
DA:89,0
DA:95,0
DA:96,0
DA:97,0
DA:103,0
DA:104,0
DA:114,0
DA:115,0
DA:116,0
DA:126,0
LF:44
LH:0
BRDA:22,0,0,0
BRDA:34,1,0,0
BRDA:37,2,0,0
BRDA:37,3,0,0
BRDA:37,3,1,0
BRDA:46,4,0,0
BRDA:60,5,0,0
BRDA:60,6,0,0
BRDA:60,6,1,0
BRDA:82,7,0,0
BRDA:115,8,0,0
BRDA:115,8,1,0
BRF:12
BRH:0
end_of_record
TN:
SF:src/middleware/error.middleware.ts
FN:10,(anonymous_0)
FN:22,(anonymous_1)
FNF:2
FNH:1
FNDA:8,(anonymous_0)
FNDA:0,(anonymous_1)
DA:6,2
DA:11,8
DA:12,8
DA:13,8
DA:14,8
DA:15,8
DA:22,2
DA:28,0
DA:29,0
DA:32,0
DA:33,0
DA:34,0
DA:37,0
DA:38,0
DA:39,0
DA:40,0
DA:43,0
DA:44,0
DA:45,0
DA:46,0
DA:49,0
DA:50,0
DA:54,0
LF:23
LH:7
BRDA:10,0,0,0
BRDA:10,1,0,0
BRDA:37,2,0,0
BRDA:37,2,1,0
BRDA:43,3,0,0
BRDA:43,3,1,0
BRDA:49,4,0,0
BRF:7
BRH:0
end_of_record
TN:
SF:src/middleware/not-found.middleware.ts
FN:7,(anonymous_0)
FNF:1
FNH:0
FNDA:0,(anonymous_0)
DA:2,0
DA:7,0
DA:12,0
LF:3
LH:0
BRF:0
BRH:0
end_of_record
TN:
SF:src/middleware/request-logger.middleware.ts
FN:6,(anonymous_0)
FNF:1
FNH:0
FNDA:0,(anonymous_0)
DA:6,0
DA:12,0
DA:13,0
DA:17,0
DA:20,0
DA:22,0
DA:23,0
DA:24,0
DA:26,0
DA:29,0
LF:10
LH:0
BRDA:12,0,0,0
BRDA:20,1,0,0
BRDA:20,2,0,0
BRDA:20,2,1,0
BRDA:20,2,2,0
BRDA:23,3,0,0
BRDA:24,4,0,0
BRF:7
BRH:0
end_of_record
TN:
SF:src/middleware/validation.middleware.ts
FN:23,(anonymous_0)
FN:24,(anonymous_1)
FNF:2
FNH:0
FNDA:0,(anonymous_0)
FNDA:0,(anonymous_1)
DA:3,0
DA:23,0
DA:24,0
DA:25,0
DA:28,0
DA:29,0
DA:30,0
DA:31,0
DA:34,0
DA:35,0
DA:36,0
DA:40,0
DA:41,0
DA:45,0
DA:47,0
DA:48,0
DA:51,0
DA:52,0
DA:57,0
DA:59,0
DA:60,0
DA:64,0
DA:65,0
DA:69,0
DA:70,0
DA:75,0
DA:76,0
DA:81,0
DA:82,0
DA:86,0
DA:93,0
LF:31
LH:0
BRDA:29,0,0,0
BRDA:31,1,0,0
BRDA:31,1,1,0
BRDA:34,2,0,0
BRDA:34,3,0,0
BRDA:34,3,1,0
BRDA:34,3,2,0
BRDA:34,3,3,0
BRDA:35,4,0,0
BRDA:35,4,1,0
BRDA:40,5,0,0
BRDA:40,6,0,0
BRDA:40,6,1,0
BRDA:40,6,2,0
BRDA:45,7,0,0
BRDA:45,8,0,0
BRDA:45,8,1,0
BRDA:47,9,0,0
BRDA:47,9,1,0
BRDA:47,10,0,0
BRDA:47,10,1,0
BRDA:48,11,0,0
BRDA:48,11,1,0
BRDA:51,12,0,0
BRDA:52,13,0,0
BRDA:52,13,1,0
BRDA:57,14,0,0
BRDA:59,15,0,0
BRDA:59,16,0,0
BRDA:59,16,1,0
BRDA:60,17,0,0
BRDA:60,17,1,0
BRDA:64,18,0,0
BRDA:64,19,0,0
BRDA:64,19,1,0
BRDA:65,20,0,0
BRDA:65,20,1,0
BRDA:69,21,0,0
BRDA:69,22,0,0
BRDA:69,22,1,0
BRDA:70,23,0,0
BRDA:70,23,1,0
BRDA:75,24,0,0
BRDA:75,25,0,0
BRDA:75,25,1,0
BRDA:76,26,0,0
BRDA:76,26,1,0
BRDA:81,27,0,0
BRF:48
BRH:0
end_of_record
TN:
SF:src/models/report.model.ts
FN:18,(anonymous_0)
FN:32,(anonymous_1)
FN:44,(anonymous_2)
FN:60,(anonymous_3)
FNF:4
FNH:4
FNDA:8,(anonymous_0)
FNDA:3,(anonymous_1)
FNDA:3,(anonymous_2)
FNDA:2,(anonymous_3)
DA:3,3
DA:8,3
DA:19,8
DA:20,8
DA:21,8
DA:22,8
DA:23,8
DA:24,8
DA:25,8
DA:26,8
DA:33,3
DA:34,3
DA:35,3
DA:36,3
DA:37,3
DA:38,3
DA:45,3
DA:61,2
LF:18
LH:18
BRDA:19,0,0,8
BRDA:19,0,1,5
BRDA:20,1,0,8
BRDA:20,1,1,0
BRDA:21,2,0,8
BRDA:21,2,1,0
BRDA:22,3,0,8
BRDA:22,3,1,5
BRDA:23,4,0,8
BRDA:23,4,1,0
BRDA:24,5,0,8
BRDA:24,5,1,0
BRDA:25,6,0,8
BRDA:25,6,1,5
BRDA:26,7,0,8
BRDA:26,7,1,5
BRDA:33,8,0,2
BRDA:34,9,0,0
BRDA:35,10,0,0
BRDA:36,11,0,2
BRDA:37,12,0,1
BRF:21
BRH:15
end_of_record
TN:
SF:src/repositories/report.repository.ts
FN:14,(anonymous_0)
FN:21,(anonymous_1)
FN:28,(anonymous_2)
FN:44,(anonymous_3)
FN:51,(anonymous_4)
FN:89,(anonymous_5)
FN:96,(anonymous_6)
FN:104,(anonymous_7)
FN:120,(anonymous_8)
FN:133,(anonymous_9)
FN:145,(anonymous_10)
FN:190,(anonymous_11)
FN:195,(anonymous_12)
FN:217,(anonymous_13)
FNF:14
FNH:12
FNDA:21,(anonymous_0)
FNDA:0,(anonymous_1)
FNDA:10,(anonymous_2)
FNDA:8,(anonymous_3)
FNDA:40,(anonymous_4)
FNDA:8,(anonymous_5)
FNDA:1,(anonymous_6)
FNDA:2,(anonymous_7)
FNDA:2,(anonymous_8)
FNDA:6,(anonymous_9)
FNDA:4,(anonymous_10)
FNDA:4,(anonymous_11)
FNDA:16,(anonymous_12)
FNDA:0,(anonymous_13)
DA:3,2
DA:5,2
DA:6,2
DA:11,2
DA:15,21
DA:22,0
DA:30,10
DA:31,4
DA:35,6
DA:38,6
DA:46,8
DA:47,8
DA:48,8
DA:51,8
DA:53,40
DA:54,15
DA:58,25
DA:59,3
DA:63,22
DA:64,5
DA:68,17
DA:69,5
DA:70,5
DA:71,2
DA:75,15
DA:76,3
DA:77,3
DA:78,0
DA:82,15
DA:90,8
DA:97,1
DA:98,1
DA:105,2
DA:107,2
DA:108,1
DA:111,1
DA:112,1
DA:114,1
DA:121,2
DA:123,2
DA:124,1
DA:127,1
DA:134,6
DA:135,4
DA:138,2
DA:139,2
DA:149,4
DA:152,4
DA:155,4
DA:156,0
DA:166,4
DA:169,4
DA:172,4
DA:175,4
DA:176,4
DA:178,4
DA:195,4
DA:196,16
DA:197,16
DA:200,16
DA:201,9
DA:202,9
DA:206,16
DA:207,7
DA:209,9
DA:218,0
DA:223,2
LF:67
LH:63
BRDA:30,0,0,4
BRDA:30,1,0,10
BRDA:30,1,1,9
BRDA:47,2,0,1
BRDA:47,2,1,7
BRDA:48,3,0,1
BRDA:48,3,1,7
BRDA:53,4,0,15
BRDA:53,5,0,40
BRDA:53,5,1,25
BRDA:58,6,0,3
BRDA:58,7,0,25
BRDA:58,7,1,5
BRDA:63,8,0,5
BRDA:63,9,0,22
BRDA:63,9,1,7
BRDA:68,10,0,5
BRDA:70,11,0,2
BRDA:75,12,0,3
BRDA:77,13,0,0
BRDA:107,14,0,1
BRDA:123,15,0,1
BRDA:134,16,0,4
BRDA:134,17,0,6
BRDA:134,17,1,5
BRDA:147,18,0,0
BRDA:149,19,0,0
BRDA:149,20,0,0
BRDA:149,21,0,3
BRDA:149,22,0,3
BRDA:155,23,0,0
BRDA:192,24,0,0
BRDA:193,25,0,0
BRDA:200,26,0,9
BRDA:200,27,0,16
BRDA:200,27,1,7
BRDA:200,27,2,7
BRDA:206,28,0,7
BRDA:206,28,1,9
BRDA:207,29,0,3
BRDA:207,29,1,4
BRDA:207,30,0,3
BRDA:207,30,1,1
BRDA:209,31,0,9
BRDA:209,31,1,0
BRDA:209,32,0,0
BRDA:209,32,1,0
BRF:47
BRH:37
end_of_record
TN:
SF:src/routes/index.ts
FN:13,(anonymous_1)
FNF:1
FNH:0
FNDA:0,(anonymous_1)
DA:1,0
DA:2,0
DA:4,0
DA:7,0
DA:10,0
DA:13,0
DA:14,0
DA:23,0
LF:8
LH:0
BRF:0
BRH:0
end_of_record
TN:
SF:src/routes/report.routes.ts
FN:29,(anonymous_10)
FN:37,(anonymous_11)
FNF:2
FNH:0
FNDA:0,(anonymous_10)
FNDA:0,(anonymous_11)
DA:2,0
DA:3,0
DA:4,0
DA:5,0
DA:6,0
DA:8,0
DA:15,0
DA:29,0
DA:37,0
DA:49,0
DA:68,0
DA:103,0
DA:121,0
DA:134,0
LF:14
LH:0
BRDA:29,0,0,0
BRDA:29,0,1,0
BRDA:37,1,0,0
BRDA:37,1,1,0
BRF:4
BRH:0
end_of_record
TN:
SF:src/services/report.service.ts
FN:13,(anonymous_0)
FN:20,(anonymous_1)
FN:27,(anonymous_2)
FN:37,(anonymous_3)
FN:50,(anonymous_4)
FN:65,(anonymous_5)
FN:82,(anonymous_6)
FN:97,(anonymous_7)
FN:104,(anonymous_8)
FN:110,(anonymous_9)
FN:111,(anonymous_10)
FN:122,(anonymous_11)
FNF:12
FNH:12
FNDA:16,(anonymous_0)
FNDA:1,(anonymous_1)
FNDA:2,(anonymous_2)
FNDA:8,(anonymous_3)
FNDA:3,(anonymous_4)
FNDA:3,(anonymous_5)
FNDA:3,(anonymous_6)
FNDA:1,(anonymous_7)
FNDA:1,(anonymous_8)
FNDA:5,(anonymous_9)
FNDA:9,(anonymous_10)
FNDA:3,(anonymous_11)
DA:3,1
DA:5,1
DA:10,1
DA:14,16
DA:21,1
DA:31,2
DA:38,8
DA:40,8
DA:41,3
DA:44,5
DA:52,3
DA:55,2
DA:56,2
DA:59,2
DA:67,3
DA:70,2
DA:72,2
DA:73,1
DA:76,1
DA:84,3
DA:87,2
DA:89,2
DA:90,1
DA:98,1
DA:105,1
DA:108,1
DA:110,1
DA:111,5
DA:112,9
DA:116,1
DA:123,3
DA:124,1
DA:127,2
DA:128,0
DA:131,2
DA:132,2
DA:138,1
LF:37
LH:36
BRDA:13,0,0,1
BRDA:40,1,0,3
BRDA:55,2,0,2
BRDA:72,3,0,1
BRDA:89,4,0,1
BRDA:123,5,0,1
BRDA:127,6,0,0
BRDA:131,7,0,2
BRF:8
BRH:7
end_of_record
TN:
SF:src/storage/in-memory.storage.ts
FN:18,(anonymous_1)
FN:31,(anonymous_2)
FN:40,(anonymous_3)
FN:47,(anonymous_4)
FN:63,(anonymous_5)
FN:86,(anonymous_6)
FN:99,(anonymous_7)
FN:106,(anonymous_8)
FN:113,(anonymous_9)
FN:122,(anonymous_10)
FN:139,(anonymous_11)
FN:150,(anonymous_12)
FN:158,(anonymous_13)
FNF:13
FNH:1
FNDA:1,(anonymous_1)
FNDA:0,(anonymous_2)
FNDA:0,(anonymous_3)
FNDA:0,(anonymous_4)
FNDA:0,(anonymous_5)
FNDA:0,(anonymous_6)
FNDA:0,(anonymous_7)
FNDA:0,(anonymous_8)
FNDA:0,(anonymous_9)
FNDA:0,(anonymous_10)
FNDA:0,(anonymous_11)
FNDA:0,(anonymous_12)
FNDA:0,(anonymous_13)
DA:1,1
DA:2,1
DA:4,1
DA:9,1
DA:12,1
DA:13,1
DA:19,1
DA:22,1
DA:23,1
DA:24,0
DA:27,1
DA:30,1
DA:31,1
DA:32,0
DA:41,0
DA:42,0
DA:43,0
DA:46,0
DA:47,0
DA:48,0
DA:51,0
DA:54,0
DA:55,0
DA:64,0
DA:65,0
DA:68,0
DA:70,0
DA:73,0
DA:74,0
DA:76,0
DA:77,0
DA:79,0
DA:87,0
DA:88,0
DA:89,0
DA:93,0
DA:100,0
DA:107,0
DA:114,0
DA:115,0
DA:116,0
DA:123,0
DA:125,0
DA:126,0
DA:129,0
DA:130,0
DA:131,0
DA:133,0
DA:140,0
DA:141,0
DA:142,0
DA:144,0
DA:151,0
DA:152,0
DA:159,0
DA:160,0
DA:163,0
DA:164,0
LF:58
LH:12
BRDA:23,0,0,0
BRDA:30,1,0,1
BRDA:54,2,0,0
BRDA:64,3,0,0
BRDA:64,4,0,0
BRDA:64,4,1,0
BRDA:87,5,0,0
BRDA:107,6,0,0
BRDA:107,6,1,0
BRDA:125,7,0,0
BRDA:141,8,0,0
BRDA:159,9,0,0
BRF:12
BRH:1
end_of_record
TN:
SF:src/utils/param-sanitizer.ts
FN:10,(anonymous_0)
FN:20,(anonymous_1)
FN:65,(anonymous_2)
FN:98,(anonymous_3)
FN:108,(anonymous_4)
FNF:5
FNH:0
FNDA:0,(anonymous_0)
FNDA:0,(anonymous_1)
FNDA:0,(anonymous_2)
FNDA:0,(anonymous_3)
FNDA:0,(anonymous_4)
DA:5,0
DA:10,0
DA:11,0
DA:20,0
DA:21,0
DA:25,0
DA:30,0
DA:31,0
DA:34,0
DA:35,0
DA:38,0
DA:39,0
DA:43,0
DA:44,0
DA:51,0
DA:52,0
DA:59,0
DA:65,0
DA:66,0
DA:67,0
DA:68,0
DA:69,0
DA:71,0
DA:72,0
DA:73,0
DA:74,0
DA:76,0
DA:77,0
DA:80,0
DA:81,0
DA:84,0
DA:85,0
DA:87,0
DA:98,0
DA:100,0
DA:108,0
DA:110,0
DA:111,0
DA:112,0
DA:116,0
DA:117,0
DA:118,0
DA:121,0
LF:43
LH:0
BRDA:21,0,0,0
BRDA:22,1,0,0
BRDA:22,1,1,0
BRDA:30,2,0,0
BRDA:34,3,0,0
BRDA:38,4,0,0
BRDA:43,5,0,0
BRDA:43,6,0,0
BRDA:43,6,1,0
BRDA:51,7,0,0
BRDA:51,8,0,0
BRDA:51,8,1,0
BRDA:71,9,0,0
BRDA:71,9,1,0
BRDA:72,10,0,0
BRDA:72,10,1,0
BRDA:73,11,0,0
BRDA:73,11,1,0
BRDA:74,12,0,0
BRDA:74,12,1,0
BRDA:74,13,0,0
BRDA:74,13,1,0
BRDA:76,14,0,0
BRDA:76,15,0,0
BRDA:76,15,1,0
BRDA:76,15,2,0
BRDA:80,16,0,0
BRDA:80,17,0,0
BRDA:80,17,1,0
BRDA:85,18,0,0
BRDA:85,18,1,0
BRDA:111,19,0,0
BRDA:117,20,0,0
BRF:33
BRH:0
end_of_record
